{"/Users/tez/Desktop/university/node/vidly-app/app.js": {"path":"/Users/tez/Desktop/university/node/vidly-app/app.js","statementMap":{"0":{"start":{"line":1,"column":16},"end":{"line":1,"column":34}},"1":{"start":{"line":2,"column":15},"end":{"line":8,"column":2}},"2":{"start":{"line":10,"column":16},"end":{"line":10,"column":34}},"3":{"start":{"line":11,"column":12},"end":{"line":11,"column":21}},"4":{"start":{"line":13,"column":0},"end":{"line":13,"column":31}},"5":{"start":{"line":15,"column":0},"end":{"line":15,"column":32}},"6":{"start":{"line":16,"column":0},"end":{"line":16,"column":26}},"7":{"start":{"line":17,"column":0},"end":{"line":17,"column":30}},"8":{"start":{"line":18,"column":0},"end":{"line":18,"column":34}},"9":{"start":{"line":20,"column":13},"end":{"line":20,"column":37}},"10":{"start":{"line":22,"column":15},"end":{"line":24,"column":2}},"11":{"start":{"line":23,"column":2},"end":{"line":23,"column":46}},"12":{"start":{"line":26,"column":0},"end":{"line":26,"column":24}}},"fnMap":{"0":{"name":"(anonymous_0)","decl":{"start":{"line":22,"column":32},"end":{"line":22,"column":33}},"loc":{"start":{"line":22,"column":38},"end":{"line":24,"column":1}},"line":22}},"branchMap":{"0":{"loc":{"start":{"line":20,"column":13},"end":{"line":20,"column":37}},"type":"binary-expr","locations":[{"start":{"line":20,"column":13},"end":{"line":20,"column":29}},{"start":{"line":20,"column":33},"end":{"line":20,"column":37}}],"line":20}},"s":{"0":2,"1":2,"2":2,"3":2,"4":2,"5":2,"6":2,"7":2,"8":2,"9":2,"10":2,"11":2,"12":2},"f":{"0":2},"b":{"0":[2,2]},"_coverageSchema":"1a1c01bbd47fc00a2c39e90264f33305004495a9","hash":"f7c082ba4fbb0c82a918bdb053f482e06dd6e69b"}
,"/Users/tez/Desktop/university/node/vidly-app/middleware/admin.js": {"path":"/Users/tez/Desktop/university/node/vidly-app/middleware/admin.js","statementMap":{"0":{"start":{"line":1,"column":14},"end":{"line":4,"column":1}},"1":{"start":{"line":2,"column":2},"end":{"line":2,"column":70}},"2":{"start":{"line":2,"column":25},"end":{"line":2,"column":70}},"3":{"start":{"line":3,"column":2},"end":{"line":3,"column":9}},"4":{"start":{"line":6,"column":0},"end":{"line":6,"column":23}}},"fnMap":{"0":{"name":"(anonymous_0)","decl":{"start":{"line":1,"column":14},"end":{"line":1,"column":15}},"loc":{"start":{"line":1,"column":34},"end":{"line":4,"column":1}},"line":1}},"branchMap":{"0":{"loc":{"start":{"line":2,"column":2},"end":{"line":2,"column":70}},"type":"if","locations":[{"start":{"line":2,"column":2},"end":{"line":2,"column":70}},{"start":{"line":2,"column":2},"end":{"line":2,"column":70}}],"line":2}},"s":{"0":2,"1":0,"2":0,"3":0,"4":2},"f":{"0":0},"b":{"0":[0,0]},"_coverageSchema":"1a1c01bbd47fc00a2c39e90264f33305004495a9","hash":"700fcd8f68a28df2b52cfbce16815fafa871295c"}
,"/Users/tez/Desktop/university/node/vidly-app/middleware/auth.js": {"path":"/Users/tez/Desktop/university/node/vidly-app/middleware/auth.js","statementMap":{"0":{"start":{"line":1,"column":12},"end":{"line":1,"column":35}},"1":{"start":{"line":2,"column":15},"end":{"line":2,"column":32}},"2":{"start":{"line":4,"column":13},"end":{"line":16,"column":1}},"3":{"start":{"line":5,"column":16},"end":{"line":5,"column":42}},"4":{"start":{"line":6,"column":2},"end":{"line":6,"column":78}},"5":{"start":{"line":6,"column":14},"end":{"line":6,"column":78}},"6":{"start":{"line":8,"column":2},"end":{"line":15,"column":3}},"7":{"start":{"line":9,"column":20},"end":{"line":9,"column":63}},"8":{"start":{"line":10,"column":4},"end":{"line":10,"column":23}},"9":{"start":{"line":11,"column":4},"end":{"line":11,"column":11}},"10":{"start":{"line":14,"column":4},"end":{"line":14,"column":41}},"11":{"start":{"line":19,"column":0},"end":{"line":19,"column":22}}},"fnMap":{"0":{"name":"(anonymous_0)","decl":{"start":{"line":4,"column":13},"end":{"line":4,"column":14}},"loc":{"start":{"line":4,"column":33},"end":{"line":16,"column":1}},"line":4}},"branchMap":{"0":{"loc":{"start":{"line":6,"column":2},"end":{"line":6,"column":78}},"type":"if","locations":[{"start":{"line":6,"column":2},"end":{"line":6,"column":78}},{"start":{"line":6,"column":2},"end":{"line":6,"column":78}}],"line":6}},"s":{"0":2,"1":2,"2":2,"3":8,"4":8,"5":2,"6":6,"7":6,"8":5,"9":5,"10":1,"11":2},"f":{"0":8},"b":{"0":[2,6]},"_coverageSchema":"1a1c01bbd47fc00a2c39e90264f33305004495a9","hash":"83461cd2ae4627b54b9d6ae14aa16a70c6c27d44"}
,"/Users/tez/Desktop/university/node/vidly-app/middleware/error.js": {"path":"/Users/tez/Desktop/university/node/vidly-app/middleware/error.js","statementMap":{"0":{"start":{"line":1,"column":16},"end":{"line":1,"column":34}},"1":{"start":{"line":3,"column":15},"end":{"line":11,"column":2}},"2":{"start":{"line":13,"column":0},"end":{"line":17,"column":1}},"3":{"start":{"line":14,"column":2},"end":{"line":14,"column":27}},"4":{"start":{"line":16,"column":2},"end":{"line":16,"column":42}}},"fnMap":{"0":{"name":"(anonymous_0)","decl":{"start":{"line":13,"column":17},"end":{"line":13,"column":18}},"loc":{"start":{"line":13,"column":47},"end":{"line":17,"column":1}},"line":13}},"branchMap":{},"s":{"0":2,"1":2,"2":2,"3":0,"4":0},"f":{"0":0},"b":{},"_coverageSchema":"1a1c01bbd47fc00a2c39e90264f33305004495a9","hash":"5114e894253e047e222d22a7fd4533ddbd7ef074"}
,"/Users/tez/Desktop/university/node/vidly-app/middleware/validateObjectId.js": {"path":"/Users/tez/Desktop/university/node/vidly-app/middleware/validateObjectId.js","statementMap":{"0":{"start":{"line":1,"column":17},"end":{"line":1,"column":36}},"1":{"start":{"line":3,"column":0},"end":{"line":8,"column":1}},"2":{"start":{"line":4,"column":2},"end":{"line":5,"column":46}},"3":{"start":{"line":5,"column":4},"end":{"line":5,"column":46}},"4":{"start":{"line":7,"column":2},"end":{"line":7,"column":9}}},"fnMap":{"0":{"name":"(anonymous_0)","decl":{"start":{"line":3,"column":17},"end":{"line":3,"column":18}},"loc":{"start":{"line":3,"column":42},"end":{"line":8,"column":1}},"line":3}},"branchMap":{"0":{"loc":{"start":{"line":4,"column":2},"end":{"line":5,"column":46}},"type":"if","locations":[{"start":{"line":4,"column":2},"end":{"line":5,"column":46}},{"start":{"line":4,"column":2},"end":{"line":5,"column":46}}],"line":4}},"s":{"0":2,"1":2,"2":2,"3":1,"4":1},"f":{"0":2},"b":{"0":[1,1]},"_coverageSchema":"1a1c01bbd47fc00a2c39e90264f33305004495a9","hash":"155b6e11909a78896be8c2507958875adf1fcc91"}
,"/Users/tez/Desktop/university/node/vidly-app/models/customer.js": {"path":"/Users/tez/Desktop/university/node/vidly-app/models/customer.js","statementMap":{"0":{"start":{"line":1,"column":17},"end":{"line":1,"column":36}},"1":{"start":{"line":2,"column":12},"end":{"line":2,"column":26}},"2":{"start":{"line":4,"column":23},"end":{"line":8,"column":2}},"3":{"start":{"line":10,"column":17},"end":{"line":19,"column":1}},"4":{"start":{"line":11,"column":17},"end":{"line":17,"column":3}},"5":{"start":{"line":18,"column":2},"end":{"line":18,"column":36}},"6":{"start":{"line":21,"column":17},"end":{"line":21,"column":59}},"7":{"start":{"line":23,"column":0},"end":{"line":23,"column":28}},"8":{"start":{"line":24,"column":0},"end":{"line":24,"column":28}}},"fnMap":{"0":{"name":"(anonymous_0)","decl":{"start":{"line":10,"column":17},"end":{"line":10,"column":18}},"loc":{"start":{"line":10,"column":25},"end":{"line":19,"column":1}},"line":10}},"branchMap":{},"s":{"0":2,"1":2,"2":2,"3":2,"4":0,"5":0,"6":2,"7":2,"8":2},"f":{"0":0},"b":{},"_coverageSchema":"1a1c01bbd47fc00a2c39e90264f33305004495a9","hash":"ec2bbf97e41c8a57256dc0d7739de2ebfc9c49b5"}
,"/Users/tez/Desktop/university/node/vidly-app/models/genre.js": {"path":"/Users/tez/Desktop/university/node/vidly-app/models/genre.js","statementMap":{"0":{"start":{"line":1,"column":12},"end":{"line":1,"column":26}},"1":{"start":{"line":2,"column":17},"end":{"line":2,"column":36}},"2":{"start":{"line":4,"column":20},"end":{"line":6,"column":2}},"3":{"start":{"line":8,"column":14},"end":{"line":8,"column":50}},"4":{"start":{"line":10,"column":17},"end":{"line":19,"column":1}},"5":{"start":{"line":11,"column":17},"end":{"line":16,"column":3}},"6":{"start":{"line":18,"column":2},"end":{"line":18,"column":36}},"7":{"start":{"line":21,"column":0},"end":{"line":21,"column":22}},"8":{"start":{"line":22,"column":0},"end":{"line":22,"column":28}},"9":{"start":{"line":23,"column":0},"end":{"line":23,"column":34}}},"fnMap":{"0":{"name":"(anonymous_0)","decl":{"start":{"line":10,"column":17},"end":{"line":10,"column":18}},"loc":{"start":{"line":10,"column":25},"end":{"line":19,"column":1}},"line":10}},"branchMap":{},"s":{"0":2,"1":2,"2":2,"3":2,"4":2,"5":5,"6":5,"7":2,"8":2,"9":2},"f":{"0":5},"b":{},"_coverageSchema":"1a1c01bbd47fc00a2c39e90264f33305004495a9","hash":"4d2b19738babbe8e31d296f312b947b7cb839b9d"}
,"/Users/tez/Desktop/university/node/vidly-app/models/movie.js": {"path":"/Users/tez/Desktop/university/node/vidly-app/models/movie.js","statementMap":{"0":{"start":{"line":1,"column":12},"end":{"line":1,"column":26}},"1":{"start":{"line":2,"column":0},"end":{"line":2,"column":43}},"2":{"start":{"line":3,"column":17},"end":{"line":3,"column":36}},"3":{"start":{"line":4,"column":24},"end":{"line":4,"column":42}},"4":{"start":{"line":7,"column":17},"end":{"line":15,"column":1}},"5":{"start":{"line":8,"column":17},"end":{"line":13,"column":3}},"6":{"start":{"line":14,"column":2},"end":{"line":14,"column":34}},"7":{"start":{"line":17,"column":20},"end":{"line":22,"column":2}},"8":{"start":{"line":24,"column":14},"end":{"line":24,"column":50}},"9":{"start":{"line":26,"column":0},"end":{"line":26,"column":21}},"10":{"start":{"line":27,"column":0},"end":{"line":27,"column":27}},"11":{"start":{"line":28,"column":0},"end":{"line":28,"column":33}}},"fnMap":{"0":{"name":"(anonymous_0)","decl":{"start":{"line":7,"column":17},"end":{"line":7,"column":18}},"loc":{"start":{"line":7,"column":27},"end":{"line":15,"column":1}},"line":7}},"branchMap":{},"s":{"0":2,"1":2,"2":2,"3":2,"4":2,"5":0,"6":0,"7":2,"8":2,"9":2,"10":2,"11":2},"f":{"0":0},"b":{},"_coverageSchema":"1a1c01bbd47fc00a2c39e90264f33305004495a9","hash":"97495e2e4a532421a8da4f57d4666072a2959378"}
,"/Users/tez/Desktop/university/node/vidly-app/models/rental.js": {"path":"/Users/tez/Desktop/university/node/vidly-app/models/rental.js","statementMap":{"0":{"start":{"line":1,"column":17},"end":{"line":1,"column":36}},"1":{"start":{"line":5,"column":15},"end":{"line":57,"column":3}},"2":{"start":{"line":59,"column":17},"end":{"line":66,"column":1}},"3":{"start":{"line":60,"column":17},"end":{"line":63,"column":3}},"4":{"start":{"line":65,"column":2},"end":{"line":65,"column":36}},"5":{"start":{"line":68,"column":0},"end":{"line":68,"column":24}},"6":{"start":{"line":69,"column":0},"end":{"line":69,"column":28}}},"fnMap":{"0":{"name":"(anonymous_0)","decl":{"start":{"line":59,"column":17},"end":{"line":59,"column":18}},"loc":{"start":{"line":59,"column":27},"end":{"line":66,"column":1}},"line":59}},"branchMap":{},"s":{"0":2,"1":2,"2":2,"3":0,"4":0,"5":2,"6":2},"f":{"0":0},"b":{},"_coverageSchema":"1a1c01bbd47fc00a2c39e90264f33305004495a9","hash":"41f6276dc83b67b59d1c1cf357af4a3babdbc531"}
,"/Users/tez/Desktop/university/node/vidly-app/models/user.js": {"path":"/Users/tez/Desktop/university/node/vidly-app/models/user.js","statementMap":{"0":{"start":{"line":1,"column":15},"end":{"line":1,"column":32}},"1":{"start":{"line":2,"column":12},"end":{"line":2,"column":35}},"2":{"start":{"line":3,"column":17},"end":{"line":3,"column":36}},"3":{"start":{"line":4,"column":12},"end":{"line":4,"column":26}},"4":{"start":{"line":6,"column":19},"end":{"line":29,"column":2}},"5":{"start":{"line":31,"column":0},"end":{"line":34,"column":1}},"6":{"start":{"line":32,"column":16},"end":{"line":32,"column":92}},"7":{"start":{"line":33,"column":2},"end":{"line":33,"column":14}},"8":{"start":{"line":36,"column":21},"end":{"line":44,"column":1}},"9":{"start":{"line":37,"column":17},"end":{"line":41,"column":3}},"10":{"start":{"line":43,"column":2},"end":{"line":43,"column":35}},"11":{"start":{"line":48,"column":13},"end":{"line":48,"column":47}},"12":{"start":{"line":51,"column":0},"end":{"line":51,"column":20}},"13":{"start":{"line":52,"column":0},"end":{"line":52,"column":36}}},"fnMap":{"0":{"name":"(anonymous_0)","decl":{"start":{"line":31,"column":39},"end":{"line":31,"column":40}},"loc":{"start":{"line":31,"column":50},"end":{"line":34,"column":1}},"line":31},"1":{"name":"(anonymous_1)","decl":{"start":{"line":36,"column":21},"end":{"line":36,"column":22}},"loc":{"start":{"line":36,"column":31},"end":{"line":44,"column":1}},"line":36}},"branchMap":{},"s":{"0":3,"1":3,"2":3,"3":3,"4":3,"5":3,"6":9,"7":9,"8":3,"9":0,"10":0,"11":3,"12":3,"13":3},"f":{"0":9,"1":0},"b":{},"_coverageSchema":"1a1c01bbd47fc00a2c39e90264f33305004495a9","hash":"0c11e453e12ae041ef2a2fab098f0a58237f3722"}
,"/Users/tez/Desktop/university/node/vidly-app/routes/auth.js": {"path":"/Users/tez/Desktop/university/node/vidly-app/routes/auth.js","statementMap":{"0":{"start":{"line":1,"column":12},"end":{"line":1,"column":26}},"1":{"start":{"line":2,"column":10},"end":{"line":2,"column":27}},"2":{"start":{"line":3,"column":15},"end":{"line":3,"column":32}},"3":{"start":{"line":4,"column":17},"end":{"line":4,"column":42}},"4":{"start":{"line":5,"column":17},"end":{"line":5,"column":36}},"5":{"start":{"line":6,"column":16},"end":{"line":6,"column":34}},"6":{"start":{"line":7,"column":15},"end":{"line":7,"column":31}},"7":{"start":{"line":10,"column":0},"end":{"line":23,"column":3}},"8":{"start":{"line":11,"column":20},"end":{"line":11,"column":38}},"9":{"start":{"line":12,"column":2},"end":{"line":12,"column":67}},"10":{"start":{"line":12,"column":13},"end":{"line":12,"column":67}},"11":{"start":{"line":15,"column":13},"end":{"line":15,"column":58}},"12":{"start":{"line":16,"column":2},"end":{"line":16,"column":71}},"13":{"start":{"line":16,"column":13},"end":{"line":16,"column":71}},"14":{"start":{"line":18,"column":24},"end":{"line":18,"column":78}},"15":{"start":{"line":19,"column":2},"end":{"line":19,"column":80}},"16":{"start":{"line":19,"column":22},"end":{"line":19,"column":80}},"17":{"start":{"line":21,"column":16},"end":{"line":21,"column":40}},"18":{"start":{"line":22,"column":2},"end":{"line":22,"column":17}},"19":{"start":{"line":25,"column":17},"end":{"line":39,"column":1}},"20":{"start":{"line":26,"column":17},"end":{"line":36,"column":3}},"21":{"start":{"line":38,"column":2},"end":{"line":38,"column":35}},"22":{"start":{"line":41,"column":0},"end":{"line":41,"column":24}}},"fnMap":{"0":{"name":"(anonymous_0)","decl":{"start":{"line":10,"column":17},"end":{"line":10,"column":18}},"loc":{"start":{"line":10,"column":37},"end":{"line":23,"column":1}},"line":10},"1":{"name":"(anonymous_1)","decl":{"start":{"line":25,"column":17},"end":{"line":25,"column":18}},"loc":{"start":{"line":25,"column":24},"end":{"line":39,"column":1}},"line":25}},"branchMap":{"0":{"loc":{"start":{"line":12,"column":2},"end":{"line":12,"column":67}},"type":"if","locations":[{"start":{"line":12,"column":2},"end":{"line":12,"column":67}},{"start":{"line":12,"column":2},"end":{"line":12,"column":67}}],"line":12},"1":{"loc":{"start":{"line":16,"column":2},"end":{"line":16,"column":71}},"type":"if","locations":[{"start":{"line":16,"column":2},"end":{"line":16,"column":71}},{"start":{"line":16,"column":2},"end":{"line":16,"column":71}}],"line":16},"2":{"loc":{"start":{"line":19,"column":2},"end":{"line":19,"column":80}},"type":"if","locations":[{"start":{"line":19,"column":2},"end":{"line":19,"column":80}},{"start":{"line":19,"column":2},"end":{"line":19,"column":80}}],"line":19}},"s":{"0":2,"1":2,"2":2,"3":2,"4":2,"5":2,"6":2,"7":2,"8":0,"9":0,"10":0,"11":0,"12":0,"13":0,"14":0,"15":0,"16":0,"17":0,"18":0,"19":2,"20":0,"21":0,"22":2},"f":{"0":0,"1":0},"b":{"0":[0,0],"1":[0,0],"2":[0,0]},"_coverageSchema":"1a1c01bbd47fc00a2c39e90264f33305004495a9","hash":"3b5400241e229e4511dabcf8c4329e37c05294c8"}
,"/Users/tez/Desktop/university/node/vidly-app/routes/customers.js": {"path":"/Users/tez/Desktop/university/node/vidly-app/routes/customers.js","statementMap":{"0":{"start":{"line":1,"column":31},"end":{"line":1,"column":60}},"1":{"start":{"line":2,"column":16},"end":{"line":2,"column":34}},"2":{"start":{"line":3,"column":15},"end":{"line":3,"column":31}},"3":{"start":{"line":5,"column":0},"end":{"line":8,"column":3}},"4":{"start":{"line":6,"column":20},"end":{"line":6,"column":41}},"5":{"start":{"line":7,"column":2},"end":{"line":7,"column":22}},"6":{"start":{"line":10,"column":0},"end":{"line":22,"column":3}},"7":{"start":{"line":11,"column":20},"end":{"line":11,"column":38}},"8":{"start":{"line":12,"column":2},"end":{"line":12,"column":67}},"9":{"start":{"line":12,"column":13},"end":{"line":12,"column":67}},"10":{"start":{"line":14,"column":19},"end":{"line":18,"column":4}},"11":{"start":{"line":20,"column":2},"end":{"line":20,"column":24}},"12":{"start":{"line":21,"column":2},"end":{"line":21,"column":21}},"13":{"start":{"line":24,"column":0},"end":{"line":28,"column":3}},"14":{"start":{"line":25,"column":19},"end":{"line":25,"column":57}},"15":{"start":{"line":26,"column":2},"end":{"line":26,"column":66}},"16":{"start":{"line":26,"column":17},"end":{"line":26,"column":66}},"17":{"start":{"line":27,"column":2},"end":{"line":27,"column":21}},"18":{"start":{"line":30,"column":0},"end":{"line":47,"column":3}},"19":{"start":{"line":31,"column":20},"end":{"line":31,"column":38}},"20":{"start":{"line":32,"column":2},"end":{"line":32,"column":67}},"21":{"start":{"line":32,"column":13},"end":{"line":32,"column":67}},"22":{"start":{"line":34,"column":19},"end":{"line":42,"column":3}},"23":{"start":{"line":44,"column":2},"end":{"line":44,"column":74}},"24":{"start":{"line":44,"column":17},"end":{"line":44,"column":74}},"25":{"start":{"line":46,"column":2},"end":{"line":46,"column":21}},"26":{"start":{"line":49,"column":0},"end":{"line":53,"column":3}},"27":{"start":{"line":50,"column":19},"end":{"line":50,"column":66}},"28":{"start":{"line":51,"column":2},"end":{"line":51,"column":66}},"29":{"start":{"line":51,"column":17},"end":{"line":51,"column":66}},"30":{"start":{"line":52,"column":2},"end":{"line":52,"column":21}},"31":{"start":{"line":55,"column":0},"end":{"line":55,"column":24}}},"fnMap":{"0":{"name":"(anonymous_0)","decl":{"start":{"line":5,"column":16},"end":{"line":5,"column":17}},"loc":{"start":{"line":5,"column":36},"end":{"line":8,"column":1}},"line":5},"1":{"name":"(anonymous_1)","decl":{"start":{"line":10,"column":17},"end":{"line":10,"column":18}},"loc":{"start":{"line":10,"column":37},"end":{"line":22,"column":1}},"line":10},"2":{"name":"(anonymous_2)","decl":{"start":{"line":24,"column":19},"end":{"line":24,"column":20}},"loc":{"start":{"line":24,"column":39},"end":{"line":28,"column":1}},"line":24},"3":{"name":"(anonymous_3)","decl":{"start":{"line":30,"column":19},"end":{"line":30,"column":20}},"loc":{"start":{"line":30,"column":39},"end":{"line":47,"column":1}},"line":30},"4":{"name":"(anonymous_4)","decl":{"start":{"line":49,"column":22},"end":{"line":49,"column":23}},"loc":{"start":{"line":49,"column":42},"end":{"line":53,"column":1}},"line":49}},"branchMap":{"0":{"loc":{"start":{"line":12,"column":2},"end":{"line":12,"column":67}},"type":"if","locations":[{"start":{"line":12,"column":2},"end":{"line":12,"column":67}},{"start":{"line":12,"column":2},"end":{"line":12,"column":67}}],"line":12},"1":{"loc":{"start":{"line":26,"column":2},"end":{"line":26,"column":66}},"type":"if","locations":[{"start":{"line":26,"column":2},"end":{"line":26,"column":66}},{"start":{"line":26,"column":2},"end":{"line":26,"column":66}}],"line":26},"2":{"loc":{"start":{"line":32,"column":2},"end":{"line":32,"column":67}},"type":"if","locations":[{"start":{"line":32,"column":2},"end":{"line":32,"column":67}},{"start":{"line":32,"column":2},"end":{"line":32,"column":67}}],"line":32},"3":{"loc":{"start":{"line":44,"column":2},"end":{"line":44,"column":74}},"type":"if","locations":[{"start":{"line":44,"column":2},"end":{"line":44,"column":74}},{"start":{"line":44,"column":2},"end":{"line":44,"column":74}}],"line":44},"4":{"loc":{"start":{"line":51,"column":2},"end":{"line":51,"column":66}},"type":"if","locations":[{"start":{"line":51,"column":2},"end":{"line":51,"column":66}},{"start":{"line":51,"column":2},"end":{"line":51,"column":66}}],"line":51}},"s":{"0":2,"1":2,"2":2,"3":2,"4":0,"5":0,"6":2,"7":0,"8":0,"9":0,"10":0,"11":0,"12":0,"13":2,"14":0,"15":0,"16":0,"17":0,"18":2,"19":0,"20":0,"21":0,"22":0,"23":0,"24":0,"25":0,"26":2,"27":0,"28":0,"29":0,"30":0,"31":2},"f":{"0":0,"1":0,"2":0,"3":0,"4":0},"b":{"0":[0,0],"1":[0,0],"2":[0,0],"3":[0,0],"4":[0,0]},"_coverageSchema":"1a1c01bbd47fc00a2c39e90264f33305004495a9","hash":"ba909e49a7fe82cd6502ecc2a5b5d72228ec655b"}
,"/Users/tez/Desktop/university/node/vidly-app/routes/genres.js": {"path":"/Users/tez/Desktop/university/node/vidly-app/routes/genres.js","statementMap":{"0":{"start":{"line":1,"column":13},"end":{"line":1,"column":42}},"1":{"start":{"line":2,"column":14},"end":{"line":2,"column":44}},"2":{"start":{"line":3,"column":25},"end":{"line":3,"column":66}},"3":{"start":{"line":5,"column":28},"end":{"line":5,"column":54}},"4":{"start":{"line":6,"column":16},"end":{"line":6,"column":34}},"5":{"start":{"line":7,"column":15},"end":{"line":7,"column":31}},"6":{"start":{"line":8,"column":17},"end":{"line":8,"column":36}},"7":{"start":{"line":10,"column":0},"end":{"line":13,"column":3}},"8":{"start":{"line":11,"column":19},"end":{"line":11,"column":50}},"9":{"start":{"line":12,"column":4},"end":{"line":12,"column":21}},"10":{"start":{"line":15,"column":0},"end":{"line":19,"column":3}},"11":{"start":{"line":16,"column":16},"end":{"line":16,"column":51}},"12":{"start":{"line":17,"column":2},"end":{"line":17,"column":78}},"13":{"start":{"line":17,"column":14},"end":{"line":17,"column":78}},"14":{"start":{"line":18,"column":2},"end":{"line":18,"column":18}},"15":{"start":{"line":21,"column":0},"end":{"line":29,"column":3}},"16":{"start":{"line":23,"column":20},"end":{"line":23,"column":38}},"17":{"start":{"line":24,"column":2},"end":{"line":24,"column":67}},"18":{"start":{"line":24,"column":13},"end":{"line":24,"column":67}},"19":{"start":{"line":26,"column":16},"end":{"line":26,"column":50}},"20":{"start":{"line":27,"column":2},"end":{"line":27,"column":21}},"21":{"start":{"line":28,"column":2},"end":{"line":28,"column":18}},"22":{"start":{"line":31,"column":0},"end":{"line":42,"column":3}},"23":{"start":{"line":33,"column":20},"end":{"line":33,"column":38}},"24":{"start":{"line":34,"column":2},"end":{"line":34,"column":67}},"25":{"start":{"line":34,"column":13},"end":{"line":34,"column":67}},"26":{"start":{"line":36,"column":16},"end":{"line":38,"column":4}},"27":{"start":{"line":39,"column":2},"end":{"line":39,"column":78}},"28":{"start":{"line":39,"column":14},"end":{"line":39,"column":78}},"29":{"start":{"line":41,"column":2},"end":{"line":41,"column":18}},"30":{"start":{"line":45,"column":0},"end":{"line":53,"column":3}},"31":{"start":{"line":46,"column":16},"end":{"line":46,"column":60}},"32":{"start":{"line":47,"column":2},"end":{"line":47,"column":78}},"33":{"start":{"line":47,"column":14},"end":{"line":47,"column":78}},"34":{"start":{"line":52,"column":2},"end":{"line":52,"column":53}},"35":{"start":{"line":55,"column":0},"end":{"line":55,"column":24}}},"fnMap":{"0":{"name":"(anonymous_0)","decl":{"start":{"line":10,"column":16},"end":{"line":10,"column":17}},"loc":{"start":{"line":10,"column":36},"end":{"line":13,"column":1}},"line":10},"1":{"name":"(anonymous_1)","decl":{"start":{"line":15,"column":37},"end":{"line":15,"column":38}},"loc":{"start":{"line":15,"column":57},"end":{"line":19,"column":1}},"line":15},"2":{"name":"(anonymous_2)","decl":{"start":{"line":21,"column":23},"end":{"line":21,"column":24}},"loc":{"start":{"line":21,"column":43},"end":{"line":29,"column":1}},"line":21},"3":{"name":"(anonymous_3)","decl":{"start":{"line":31,"column":25},"end":{"line":31,"column":26}},"loc":{"start":{"line":31,"column":45},"end":{"line":42,"column":1}},"line":31},"4":{"name":"(anonymous_4)","decl":{"start":{"line":45,"column":37},"end":{"line":45,"column":38}},"loc":{"start":{"line":45,"column":57},"end":{"line":53,"column":1}},"line":45}},"branchMap":{"0":{"loc":{"start":{"line":17,"column":2},"end":{"line":17,"column":78}},"type":"if","locations":[{"start":{"line":17,"column":2},"end":{"line":17,"column":78}},{"start":{"line":17,"column":2},"end":{"line":17,"column":78}}],"line":17},"1":{"loc":{"start":{"line":24,"column":2},"end":{"line":24,"column":67}},"type":"if","locations":[{"start":{"line":24,"column":2},"end":{"line":24,"column":67}},{"start":{"line":24,"column":2},"end":{"line":24,"column":67}}],"line":24},"2":{"loc":{"start":{"line":34,"column":2},"end":{"line":34,"column":67}},"type":"if","locations":[{"start":{"line":34,"column":2},"end":{"line":34,"column":67}},{"start":{"line":34,"column":2},"end":{"line":34,"column":67}}],"line":34},"3":{"loc":{"start":{"line":39,"column":2},"end":{"line":39,"column":78}},"type":"if","locations":[{"start":{"line":39,"column":2},"end":{"line":39,"column":78}},{"start":{"line":39,"column":2},"end":{"line":39,"column":78}}],"line":39},"4":{"loc":{"start":{"line":47,"column":2},"end":{"line":47,"column":78}},"type":"if","locations":[{"start":{"line":47,"column":2},"end":{"line":47,"column":78}},{"start":{"line":47,"column":2},"end":{"line":47,"column":78}}],"line":47}},"s":{"0":2,"1":2,"2":2,"3":2,"4":2,"5":2,"6":2,"7":2,"8":1,"9":1,"10":2,"11":1,"12":1,"13":1,"14":0,"15":2,"16":5,"17":5,"18":2,"19":3,"20":3,"21":3,"22":2,"23":0,"24":0,"25":0,"26":0,"27":0,"28":0,"29":0,"30":2,"31":0,"32":0,"33":0,"34":0,"35":2},"f":{"0":1,"1":1,"2":5,"3":0,"4":0},"b":{"0":[1,0],"1":[2,3],"2":[0,0],"3":[0,0],"4":[0,0]},"_coverageSchema":"1a1c01bbd47fc00a2c39e90264f33305004495a9","hash":"ff7033dd794c5b6f186d343357236e7feaa0916b"}
,"/Users/tez/Desktop/university/node/vidly-app/routes/movies.js": {"path":"/Users/tez/Desktop/university/node/vidly-app/routes/movies.js","statementMap":{"0":{"start":{"line":1,"column":13},"end":{"line":1,"column":42}},"1":{"start":{"line":2,"column":28},"end":{"line":2,"column":54}},"2":{"start":{"line":3,"column":18},"end":{"line":3,"column":44}},"3":{"start":{"line":4,"column":16},"end":{"line":4,"column":34}},"4":{"start":{"line":5,"column":15},"end":{"line":5,"column":31}},"5":{"start":{"line":7,"column":0},"end":{"line":10,"column":3}},"6":{"start":{"line":8,"column":17},"end":{"line":8,"column":35}},"7":{"start":{"line":9,"column":2},"end":{"line":9,"column":19}},"8":{"start":{"line":12,"column":0},"end":{"line":30,"column":3}},"9":{"start":{"line":13,"column":20},"end":{"line":13,"column":38}},"10":{"start":{"line":14,"column":2},"end":{"line":14,"column":64}},"11":{"start":{"line":14,"column":13},"end":{"line":14,"column":64}},"12":{"start":{"line":16,"column":16},"end":{"line":16,"column":54}},"13":{"start":{"line":17,"column":2},"end":{"line":17,"column":59}},"14":{"start":{"line":17,"column":14},"end":{"line":17,"column":59}},"15":{"start":{"line":20,"column":16},"end":{"line":25,"column":4}},"16":{"start":{"line":27,"column":2},"end":{"line":27,"column":21}},"17":{"start":{"line":29,"column":2},"end":{"line":29,"column":18}},"18":{"start":{"line":32,"column":0},"end":{"line":32,"column":24}}},"fnMap":{"0":{"name":"(anonymous_0)","decl":{"start":{"line":7,"column":16},"end":{"line":7,"column":17}},"loc":{"start":{"line":7,"column":36},"end":{"line":10,"column":1}},"line":7},"1":{"name":"(anonymous_1)","decl":{"start":{"line":12,"column":23},"end":{"line":12,"column":24}},"loc":{"start":{"line":12,"column":43},"end":{"line":30,"column":1}},"line":12}},"branchMap":{"0":{"loc":{"start":{"line":14,"column":2},"end":{"line":14,"column":64}},"type":"if","locations":[{"start":{"line":14,"column":2},"end":{"line":14,"column":64}},{"start":{"line":14,"column":2},"end":{"line":14,"column":64}}],"line":14},"1":{"loc":{"start":{"line":17,"column":2},"end":{"line":17,"column":59}},"type":"if","locations":[{"start":{"line":17,"column":2},"end":{"line":17,"column":59}},{"start":{"line":17,"column":2},"end":{"line":17,"column":59}}],"line":17}},"s":{"0":2,"1":2,"2":2,"3":2,"4":2,"5":2,"6":0,"7":0,"8":2,"9":0,"10":0,"11":0,"12":0,"13":0,"14":0,"15":0,"16":0,"17":0,"18":2},"f":{"0":0,"1":0},"b":{"0":[0,0],"1":[0,0]},"_coverageSchema":"1a1c01bbd47fc00a2c39e90264f33305004495a9","hash":"f9046f069c5d2891bc75e712d02b3768ef38d307"}
,"/Users/tez/Desktop/university/node/vidly-app/routes/rentals.js": {"path":"/Users/tez/Desktop/university/node/vidly-app/routes/rentals.js","statementMap":{"0":{"start":{"line":1,"column":13},"end":{"line":1,"column":42}},"1":{"start":{"line":2,"column":29},"end":{"line":2,"column":56}},"2":{"start":{"line":3,"column":18},"end":{"line":3,"column":44}},"3":{"start":{"line":4,"column":21},"end":{"line":4,"column":50}},"4":{"start":{"line":5,"column":17},"end":{"line":5,"column":36}},"5":{"start":{"line":6,"column":13},"end":{"line":6,"column":28}},"6":{"start":{"line":8,"column":16},"end":{"line":8,"column":34}},"7":{"start":{"line":9,"column":15},"end":{"line":9,"column":31}},"8":{"start":{"line":11,"column":0},"end":{"line":11,"column":19}},"9":{"start":{"line":13,"column":0},"end":{"line":16,"column":2}},"10":{"start":{"line":14,"column":19},"end":{"line":14,"column":38}},"11":{"start":{"line":15,"column":3},"end":{"line":15,"column":20}},"12":{"start":{"line":18,"column":0},"end":{"line":61,"column":2}},"13":{"start":{"line":19,"column":20},"end":{"line":19,"column":38}},"14":{"start":{"line":20,"column":2},"end":{"line":20,"column":66}},"15":{"start":{"line":20,"column":13},"end":{"line":20,"column":66}},"16":{"start":{"line":22,"column":16},"end":{"line":22,"column":54}},"17":{"start":{"line":23,"column":2},"end":{"line":23,"column":67}},"18":{"start":{"line":23,"column":14},"end":{"line":23,"column":67}},"19":{"start":{"line":25,"column":2},"end":{"line":25,"column":86}},"20":{"start":{"line":25,"column":33},"end":{"line":25,"column":86}},"21":{"start":{"line":27,"column":19},"end":{"line":27,"column":63}},"22":{"start":{"line":28,"column":2},"end":{"line":28,"column":70}},"23":{"start":{"line":28,"column":17},"end":{"line":28,"column":70}},"24":{"start":{"line":30,"column":15},"end":{"line":41,"column":4}},"25":{"start":{"line":47,"column":2},"end":{"line":60,"column":3}},"26":{"start":{"line":48,"column":4},"end":{"line":54,"column":13}},"27":{"start":{"line":56,"column":4},"end":{"line":56,"column":20}},"28":{"start":{"line":59,"column":4},"end":{"line":59,"column":45}},"29":{"start":{"line":63,"column":0},"end":{"line":63,"column":24}}},"fnMap":{"0":{"name":"(anonymous_0)","decl":{"start":{"line":13,"column":16},"end":{"line":13,"column":17}},"loc":{"start":{"line":13,"column":36},"end":{"line":16,"column":1}},"line":13},"1":{"name":"(anonymous_1)","decl":{"start":{"line":18,"column":23},"end":{"line":18,"column":24}},"loc":{"start":{"line":18,"column":43},"end":{"line":61,"column":1}},"line":18}},"branchMap":{"0":{"loc":{"start":{"line":20,"column":2},"end":{"line":20,"column":66}},"type":"if","locations":[{"start":{"line":20,"column":2},"end":{"line":20,"column":66}},{"start":{"line":20,"column":2},"end":{"line":20,"column":66}}],"line":20},"1":{"loc":{"start":{"line":23,"column":2},"end":{"line":23,"column":67}},"type":"if","locations":[{"start":{"line":23,"column":2},"end":{"line":23,"column":67}},{"start":{"line":23,"column":2},"end":{"line":23,"column":67}}],"line":23},"2":{"loc":{"start":{"line":25,"column":2},"end":{"line":25,"column":86}},"type":"if","locations":[{"start":{"line":25,"column":2},"end":{"line":25,"column":86}},{"start":{"line":25,"column":2},"end":{"line":25,"column":86}}],"line":25},"3":{"loc":{"start":{"line":28,"column":2},"end":{"line":28,"column":70}},"type":"if","locations":[{"start":{"line":28,"column":2},"end":{"line":28,"column":70}},{"start":{"line":28,"column":2},"end":{"line":28,"column":70}}],"line":28}},"s":{"0":2,"1":2,"2":2,"3":2,"4":2,"5":2,"6":2,"7":2,"8":2,"9":2,"10":0,"11":0,"12":2,"13":0,"14":0,"15":0,"16":0,"17":0,"18":0,"19":0,"20":0,"21":0,"22":0,"23":0,"24":0,"25":0,"26":0,"27":0,"28":0,"29":2},"f":{"0":0,"1":0},"b":{"0":[0,0],"1":[0,0],"2":[0,0],"3":[0,0]},"_coverageSchema":"1a1c01bbd47fc00a2c39e90264f33305004495a9","hash":"8da53862d74fde4f3e5fc672dc7d8dca0fac11d6"}
,"/Users/tez/Desktop/university/node/vidly-app/routes/users.js": {"path":"/Users/tez/Desktop/university/node/vidly-app/routes/users.js","statementMap":{"0":{"start":{"line":1,"column":13},"end":{"line":1,"column":42}},"1":{"start":{"line":2,"column":10},"end":{"line":2,"column":27}},"2":{"start":{"line":3,"column":15},"end":{"line":3,"column":32}},"3":{"start":{"line":4,"column":31},"end":{"line":4,"column":56}},"4":{"start":{"line":5,"column":17},"end":{"line":5,"column":36}},"5":{"start":{"line":6,"column":16},"end":{"line":6,"column":34}},"6":{"start":{"line":7,"column":15},"end":{"line":7,"column":31}},"7":{"start":{"line":10,"column":0},"end":{"line":13,"column":2}},"8":{"start":{"line":11,"column":15},"end":{"line":11,"column":68}},"9":{"start":{"line":12,"column":2},"end":{"line":12,"column":16}},"10":{"start":{"line":16,"column":0},"end":{"line":36,"column":2}},"11":{"start":{"line":17,"column":20},"end":{"line":17,"column":42}},"12":{"start":{"line":18,"column":2},"end":{"line":18,"column":66}},"13":{"start":{"line":18,"column":13},"end":{"line":18,"column":66}},"14":{"start":{"line":21,"column":13},"end":{"line":21,"column":58}},"15":{"start":{"line":22,"column":2},"end":{"line":22,"column":67}},"16":{"start":{"line":22,"column":12},"end":{"line":22,"column":67}},"17":{"start":{"line":25,"column":2},"end":{"line":25,"column":66}},"18":{"start":{"line":28,"column":15},"end":{"line":28,"column":39}},"19":{"start":{"line":29,"column":2},"end":{"line":29,"column":57}},"20":{"start":{"line":31,"column":2},"end":{"line":31,"column":20}},"21":{"start":{"line":32,"column":16},"end":{"line":32,"column":40}},"22":{"start":{"line":35,"column":2},"end":{"line":35,"column":80}},"23":{"start":{"line":38,"column":0},"end":{"line":38,"column":24}}},"fnMap":{"0":{"name":"(anonymous_0)","decl":{"start":{"line":10,"column":24},"end":{"line":10,"column":25}},"loc":{"start":{"line":10,"column":44},"end":{"line":13,"column":1}},"line":10},"1":{"name":"(anonymous_1)","decl":{"start":{"line":16,"column":17},"end":{"line":16,"column":18}},"loc":{"start":{"line":16,"column":37},"end":{"line":36,"column":1}},"line":16}},"branchMap":{"0":{"loc":{"start":{"line":18,"column":2},"end":{"line":18,"column":66}},"type":"if","locations":[{"start":{"line":18,"column":2},"end":{"line":18,"column":66}},{"start":{"line":18,"column":2},"end":{"line":18,"column":66}}],"line":18},"1":{"loc":{"start":{"line":22,"column":2},"end":{"line":22,"column":67}},"type":"if","locations":[{"start":{"line":22,"column":2},"end":{"line":22,"column":67}},{"start":{"line":22,"column":2},"end":{"line":22,"column":67}}],"line":22}},"s":{"0":2,"1":2,"2":2,"3":2,"4":2,"5":2,"6":2,"7":2,"8":0,"9":0,"10":2,"11":0,"12":0,"13":0,"14":0,"15":0,"16":0,"17":0,"18":0,"19":0,"20":0,"21":0,"22":0,"23":2},"f":{"0":0,"1":0},"b":{"0":[0,0],"1":[0,0]},"_coverageSchema":"1a1c01bbd47fc00a2c39e90264f33305004495a9","hash":"2ebac43c67256a3ed8371bd469d9e26450301b3f"}
,"/Users/tez/Desktop/university/node/vidly-app/startup/config.js": {"path":"/Users/tez/Desktop/university/node/vidly-app/startup/config.js","statementMap":{"0":{"start":{"line":1,"column":15},"end":{"line":1,"column":32}},"1":{"start":{"line":3,"column":0},"end":{"line":7,"column":1}},"2":{"start":{"line":4,"column":2},"end":{"line":6,"column":3}},"3":{"start":{"line":5,"column":4},"end":{"line":5,"column":66}}},"fnMap":{"0":{"name":"(anonymous_0)","decl":{"start":{"line":3,"column":17},"end":{"line":3,"column":18}},"loc":{"start":{"line":3,"column":28},"end":{"line":7,"column":1}},"line":3}},"branchMap":{"0":{"loc":{"start":{"line":4,"column":2},"end":{"line":6,"column":3}},"type":"if","locations":[{"start":{"line":4,"column":2},"end":{"line":6,"column":3}},{"start":{"line":4,"column":2},"end":{"line":6,"column":3}}],"line":4}},"s":{"0":2,"1":2,"2":2,"3":0},"f":{"0":2},"b":{"0":[0,2]},"_coverageSchema":"1a1c01bbd47fc00a2c39e90264f33305004495a9","hash":"f5912315d4ed35144ad92793bca7b6ce9d544d56"}
,"/Users/tez/Desktop/university/node/vidly-app/startup/db.js": {"path":"/Users/tez/Desktop/university/node/vidly-app/startup/db.js","statementMap":{"0":{"start":{"line":1,"column":16},"end":{"line":1,"column":34}},"1":{"start":{"line":2,"column":17},"end":{"line":2,"column":36}},"2":{"start":{"line":3,"column":15},"end":{"line":8,"column":2}},"3":{"start":{"line":9,"column":15},"end":{"line":9,"column":32}},"4":{"start":{"line":12,"column":0},"end":{"line":24,"column":1}},"5":{"start":{"line":13,"column":13},"end":{"line":13,"column":29}},"6":{"start":{"line":14,"column":2},"end":{"line":23,"column":5}},"7":{"start":{"line":22,"column":5},"end":{"line":22,"column":42}}},"fnMap":{"0":{"name":"(anonymous_0)","decl":{"start":{"line":12,"column":17},"end":{"line":12,"column":18}},"loc":{"start":{"line":12,"column":28},"end":{"line":24,"column":1}},"line":12},"1":{"name":"(anonymous_1)","decl":{"start":{"line":21,"column":9},"end":{"line":21,"column":10}},"loc":{"start":{"line":21,"column":18},"end":{"line":23,"column":4}},"line":21}},"branchMap":{},"s":{"0":2,"1":2,"2":2,"3":2,"4":2,"5":2,"6":2,"7":2},"f":{"0":2,"1":2},"b":{},"_coverageSchema":"1a1c01bbd47fc00a2c39e90264f33305004495a9","hash":"446f97bc5f607143612ab482417f7082bc88cca0"}
,"/Users/tez/Desktop/university/node/vidly-app/startup/logging.js": {"path":"/Users/tez/Desktop/university/node/vidly-app/startup/logging.js","statementMap":{"0":{"start":{"line":1,"column":16},"end":{"line":1,"column":34}},"1":{"start":{"line":2,"column":0},"end":{"line":2,"column":27}},"2":{"start":{"line":3,"column":0},"end":{"line":3,"column":32}},"3":{"start":{"line":5,"column":15},"end":{"line":13,"column":2}},"4":{"start":{"line":15,"column":0},"end":{"line":23,"column":1}},"5":{"start":{"line":16,"column":2},"end":{"line":18,"column":4}},"6":{"start":{"line":20,"column":2},"end":{"line":22,"column":5}},"7":{"start":{"line":21,"column":4},"end":{"line":21,"column":13}}},"fnMap":{"0":{"name":"(anonymous_0)","decl":{"start":{"line":15,"column":17},"end":{"line":15,"column":18}},"loc":{"start":{"line":15,"column":28},"end":{"line":23,"column":1}},"line":15},"1":{"name":"(anonymous_1)","decl":{"start":{"line":20,"column":35},"end":{"line":20,"column":36}},"loc":{"start":{"line":20,"column":43},"end":{"line":22,"column":3}},"line":20}},"branchMap":{},"s":{"0":2,"1":2,"2":2,"3":2,"4":2,"5":2,"6":2,"7":0},"f":{"0":2,"1":0},"b":{},"_coverageSchema":"1a1c01bbd47fc00a2c39e90264f33305004495a9","hash":"e1b40af4d2ae88cc519d7f5609bbf341e20b1bbc"}
,"/Users/tez/Desktop/university/node/vidly-app/startup/routes.js": {"path":"/Users/tez/Desktop/university/node/vidly-app/startup/routes.js","statementMap":{"0":{"start":{"line":1,"column":16},"end":{"line":1,"column":34}},"1":{"start":{"line":3,"column":15},"end":{"line":3,"column":42}},"2":{"start":{"line":4,"column":15},"end":{"line":4,"column":42}},"3":{"start":{"line":5,"column":18},"end":{"line":5,"column":48}},"4":{"start":{"line":6,"column":16},"end":{"line":6,"column":44}},"5":{"start":{"line":7,"column":14},"end":{"line":7,"column":40}},"6":{"start":{"line":8,"column":13},"end":{"line":8,"column":38}},"7":{"start":{"line":10,"column":14},"end":{"line":10,"column":44}},"8":{"start":{"line":12,"column":0},"end":{"line":21,"column":1}},"9":{"start":{"line":13,"column":2},"end":{"line":13,"column":26}},"10":{"start":{"line":14,"column":2},"end":{"line":14,"column":39}},"11":{"start":{"line":15,"column":2},"end":{"line":15,"column":45}},"12":{"start":{"line":16,"column":2},"end":{"line":16,"column":39}},"13":{"start":{"line":17,"column":2},"end":{"line":17,"column":41}},"14":{"start":{"line":18,"column":2},"end":{"line":18,"column":37}},"15":{"start":{"line":19,"column":2},"end":{"line":19,"column":35}},"16":{"start":{"line":20,"column":2},"end":{"line":20,"column":17}}},"fnMap":{"0":{"name":"(anonymous_0)","decl":{"start":{"line":12,"column":17},"end":{"line":12,"column":18}},"loc":{"start":{"line":12,"column":31},"end":{"line":21,"column":1}},"line":12}},"branchMap":{},"s":{"0":2,"1":2,"2":2,"3":2,"4":2,"5":2,"6":2,"7":2,"8":2,"9":2,"10":2,"11":2,"12":2,"13":2,"14":2,"15":2,"16":2},"f":{"0":2},"b":{},"_coverageSchema":"1a1c01bbd47fc00a2c39e90264f33305004495a9","hash":"858d1cae5d268be9e8466ef2887ef3e09481ce66"}
,"/Users/tez/Desktop/university/node/vidly-app/startup/validation.js": {"path":"/Users/tez/Desktop/university/node/vidly-app/startup/validation.js","statementMap":{"0":{"start":{"line":1,"column":12},"end":{"line":1,"column":26}},"1":{"start":{"line":3,"column":0},"end":{"line":5,"column":1}},"2":{"start":{"line":4,"column":2},"end":{"line":4,"column":46}}},"fnMap":{"0":{"name":"(anonymous_0)","decl":{"start":{"line":3,"column":17},"end":{"line":3,"column":18}},"loc":{"start":{"line":3,"column":28},"end":{"line":5,"column":1}},"line":3}},"branchMap":{},"s":{"0":2,"1":2,"2":2},"f":{"0":2},"b":{},"_coverageSchema":"1a1c01bbd47fc00a2c39e90264f33305004495a9","hash":"7975d9214d15fff9f2a46bc84e583a890eed3c9e"}
}
