{"/Users/tez/Desktop/university/node/vidly-app/app.js": {"path":"/Users/tez/Desktop/university/node/vidly-app/app.js","statementMap":{"0":{"start":{"line":1,"column":16},"end":{"line":1,"column":34}},"1":{"start":{"line":2,"column":15},"end":{"line":8,"column":2}},"2":{"start":{"line":10,"column":16},"end":{"line":10,"column":34}},"3":{"start":{"line":11,"column":12},"end":{"line":11,"column":21}},"4":{"start":{"line":13,"column":0},"end":{"line":13,"column":31}},"5":{"start":{"line":15,"column":0},"end":{"line":15,"column":32}},"6":{"start":{"line":16,"column":0},"end":{"line":16,"column":26}},"7":{"start":{"line":17,"column":0},"end":{"line":17,"column":30}},"8":{"start":{"line":18,"column":0},"end":{"line":18,"column":34}},"9":{"start":{"line":20,"column":13},"end":{"line":20,"column":37}},"10":{"start":{"line":22,"column":15},"end":{"line":24,"column":2}},"11":{"start":{"line":23,"column":2},"end":{"line":23,"column":46}},"12":{"start":{"line":26,"column":0},"end":{"line":26,"column":24}}},"fnMap":{"0":{"name":"(anonymous_0)","decl":{"start":{"line":22,"column":32},"end":{"line":22,"column":33}},"loc":{"start":{"line":22,"column":38},"end":{"line":24,"column":1}},"line":22}},"branchMap":{"0":{"loc":{"start":{"line":20,"column":13},"end":{"line":20,"column":37}},"type":"binary-expr","locations":[{"start":{"line":20,"column":13},"end":{"line":20,"column":29}},{"start":{"line":20,"column":33},"end":{"line":20,"column":37}}],"line":20}},"s":{"0":3,"1":3,"2":3,"3":3,"4":3,"5":3,"6":0,"7":0,"8":0,"9":0,"10":0,"11":0,"12":0},"f":{"0":0},"b":{"0":[0,0]},"_coverageSchema":"1a1c01bbd47fc00a2c39e90264f33305004495a9","hash":"f7c082ba4fbb0c82a918bdb053f482e06dd6e69b"}
,"/Users/tez/Desktop/university/node/vidly-app/middleware/admin.js": {"path":"/Users/tez/Desktop/university/node/vidly-app/middleware/admin.js","statementMap":{"0":{"start":{"line":1,"column":14},"end":{"line":4,"column":1}},"1":{"start":{"line":2,"column":2},"end":{"line":2,"column":70}},"2":{"start":{"line":2,"column":25},"end":{"line":2,"column":70}},"3":{"start":{"line":3,"column":2},"end":{"line":3,"column":9}},"4":{"start":{"line":6,"column":0},"end":{"line":6,"column":23}}},"fnMap":{"0":{"name":"(anonymous_0)","decl":{"start":{"line":1,"column":14},"end":{"line":1,"column":15}},"loc":{"start":{"line":1,"column":34},"end":{"line":4,"column":1}},"line":1}},"branchMap":{"0":{"loc":{"start":{"line":2,"column":2},"end":{"line":2,"column":70}},"type":"if","locations":[{"start":{"line":2,"column":2},"end":{"line":2,"column":70}},{"start":{"line":2,"column":2},"end":{"line":2,"column":70}}],"line":2}},"s":{"0":3,"1":0,"2":0,"3":0,"4":3},"f":{"0":0},"b":{"0":[0,0]},"_coverageSchema":"1a1c01bbd47fc00a2c39e90264f33305004495a9","hash":"700fcd8f68a28df2b52cfbce16815fafa871295c"}
,"/Users/tez/Desktop/university/node/vidly-app/middleware/auth.js": {"path":"/Users/tez/Desktop/university/node/vidly-app/middleware/auth.js","statementMap":{"0":{"start":{"line":1,"column":12},"end":{"line":1,"column":35}},"1":{"start":{"line":2,"column":15},"end":{"line":2,"column":32}},"2":{"start":{"line":4,"column":13},"end":{"line":16,"column":1}},"3":{"start":{"line":5,"column":16},"end":{"line":5,"column":42}},"4":{"start":{"line":6,"column":2},"end":{"line":6,"column":78}},"5":{"start":{"line":6,"column":14},"end":{"line":6,"column":78}},"6":{"start":{"line":8,"column":2},"end":{"line":15,"column":3}},"7":{"start":{"line":9,"column":20},"end":{"line":9,"column":63}},"8":{"start":{"line":10,"column":4},"end":{"line":10,"column":23}},"9":{"start":{"line":11,"column":4},"end":{"line":11,"column":11}},"10":{"start":{"line":14,"column":4},"end":{"line":14,"column":41}},"11":{"start":{"line":19,"column":0},"end":{"line":19,"column":22}}},"fnMap":{"0":{"name":"(anonymous_0)","decl":{"start":{"line":4,"column":13},"end":{"line":4,"column":14}},"loc":{"start":{"line":4,"column":33},"end":{"line":16,"column":1}},"line":4}},"branchMap":{"0":{"loc":{"start":{"line":6,"column":2},"end":{"line":6,"column":78}},"type":"if","locations":[{"start":{"line":6,"column":2},"end":{"line":6,"column":78}},{"start":{"line":6,"column":2},"end":{"line":6,"column":78}}],"line":6}},"s":{"0":4,"1":4,"2":4,"3":1,"4":1,"5":0,"6":1,"7":1,"8":1,"9":1,"10":0,"11":4},"f":{"0":1},"b":{"0":[0,1]},"_coverageSchema":"1a1c01bbd47fc00a2c39e90264f33305004495a9","hash":"83461cd2ae4627b54b9d6ae14aa16a70c6c27d44"}
,"/Users/tez/Desktop/university/node/vidly-app/middleware/validate.js": {"path":"/Users/tez/Desktop/university/node/vidly-app/middleware/validate.js","statementMap":{"0":{"start":{"line":1,"column":0},"end":{"line":7,"column":1}},"1":{"start":{"line":2,"column":2},"end":{"line":6,"column":3}},"2":{"start":{"line":3,"column":22},"end":{"line":3,"column":41}},"3":{"start":{"line":4,"column":4},"end":{"line":4,"column":69}},"4":{"start":{"line":4,"column":15},"end":{"line":4,"column":69}},"5":{"start":{"line":5,"column":4},"end":{"line":5,"column":11}}},"fnMap":{"0":{"name":"(anonymous_0)","decl":{"start":{"line":1,"column":17},"end":{"line":1,"column":18}},"loc":{"start":{"line":1,"column":32},"end":{"line":7,"column":1}},"line":1},"1":{"name":"(anonymous_1)","decl":{"start":{"line":2,"column":9},"end":{"line":2,"column":10}},"loc":{"start":{"line":2,"column":29},"end":{"line":6,"column":3}},"line":2}},"branchMap":{"0":{"loc":{"start":{"line":4,"column":4},"end":{"line":4,"column":69}},"type":"if","locations":[{"start":{"line":4,"column":4},"end":{"line":4,"column":69}},{"start":{"line":4,"column":4},"end":{"line":4,"column":69}}],"line":4}},"s":{"0":3,"1":0,"2":0,"3":0,"4":0,"5":0},"f":{"0":0,"1":0},"b":{"0":[0,0]},"_coverageSchema":"1a1c01bbd47fc00a2c39e90264f33305004495a9","hash":"62a8cdda1b4b685c2ec82eb61cd73d62af160e8d"}
,"/Users/tez/Desktop/university/node/vidly-app/middleware/validateObjectId.js": {"path":"/Users/tez/Desktop/university/node/vidly-app/middleware/validateObjectId.js","statementMap":{"0":{"start":{"line":1,"column":17},"end":{"line":1,"column":36}},"1":{"start":{"line":3,"column":0},"end":{"line":8,"column":1}},"2":{"start":{"line":4,"column":2},"end":{"line":5,"column":46}},"3":{"start":{"line":5,"column":4},"end":{"line":5,"column":46}},"4":{"start":{"line":7,"column":2},"end":{"line":7,"column":9}}},"fnMap":{"0":{"name":"(anonymous_0)","decl":{"start":{"line":3,"column":17},"end":{"line":3,"column":18}},"loc":{"start":{"line":3,"column":42},"end":{"line":8,"column":1}},"line":3}},"branchMap":{"0":{"loc":{"start":{"line":4,"column":2},"end":{"line":5,"column":46}},"type":"if","locations":[{"start":{"line":4,"column":2},"end":{"line":5,"column":46}},{"start":{"line":4,"column":2},"end":{"line":5,"column":46}}],"line":4}},"s":{"0":3,"1":3,"2":0,"3":0,"4":0},"f":{"0":0},"b":{"0":[0,0]},"_coverageSchema":"1a1c01bbd47fc00a2c39e90264f33305004495a9","hash":"155b6e11909a78896be8c2507958875adf1fcc91"}
,"/Users/tez/Desktop/university/node/vidly-app/models/customer.js": {"path":"/Users/tez/Desktop/university/node/vidly-app/models/customer.js","statementMap":{"0":{"start":{"line":1,"column":17},"end":{"line":1,"column":36}},"1":{"start":{"line":2,"column":12},"end":{"line":2,"column":26}},"2":{"start":{"line":4,"column":23},"end":{"line":8,"column":2}},"3":{"start":{"line":10,"column":25},"end":{"line":19,"column":1}},"4":{"start":{"line":11,"column":17},"end":{"line":17,"column":3}},"5":{"start":{"line":18,"column":2},"end":{"line":18,"column":36}},"6":{"start":{"line":21,"column":17},"end":{"line":21,"column":59}},"7":{"start":{"line":23,"column":0},"end":{"line":23,"column":28}},"8":{"start":{"line":24,"column":0},"end":{"line":24,"column":44}}},"fnMap":{"0":{"name":"(anonymous_0)","decl":{"start":{"line":10,"column":25},"end":{"line":10,"column":26}},"loc":{"start":{"line":10,"column":33},"end":{"line":19,"column":1}},"line":10}},"branchMap":{},"s":{"0":3,"1":3,"2":3,"3":3,"4":0,"5":0,"6":3,"7":3,"8":3},"f":{"0":0},"b":{},"_coverageSchema":"1a1c01bbd47fc00a2c39e90264f33305004495a9","hash":"e68e267d4147be56dc50dcfabd3a1faa00e42b45"}
,"/Users/tez/Desktop/university/node/vidly-app/models/genre.js": {"path":"/Users/tez/Desktop/university/node/vidly-app/models/genre.js","statementMap":{"0":{"start":{"line":1,"column":12},"end":{"line":1,"column":26}},"1":{"start":{"line":2,"column":17},"end":{"line":2,"column":36}},"2":{"start":{"line":4,"column":20},"end":{"line":6,"column":2}},"3":{"start":{"line":8,"column":14},"end":{"line":8,"column":50}},"4":{"start":{"line":10,"column":22},"end":{"line":19,"column":1}},"5":{"start":{"line":11,"column":17},"end":{"line":16,"column":3}},"6":{"start":{"line":18,"column":2},"end":{"line":18,"column":36}},"7":{"start":{"line":21,"column":0},"end":{"line":21,"column":22}},"8":{"start":{"line":22,"column":0},"end":{"line":22,"column":38}},"9":{"start":{"line":23,"column":0},"end":{"line":23,"column":34}}},"fnMap":{"0":{"name":"(anonymous_0)","decl":{"start":{"line":10,"column":22},"end":{"line":10,"column":23}},"loc":{"start":{"line":10,"column":30},"end":{"line":19,"column":1}},"line":10}},"branchMap":{},"s":{"0":3,"1":3,"2":3,"3":3,"4":3,"5":0,"6":0,"7":3,"8":3,"9":3},"f":{"0":0},"b":{},"_coverageSchema":"1a1c01bbd47fc00a2c39e90264f33305004495a9","hash":"e5a506d31de72a012b4aedc5802d82f42f948025"}
,"/Users/tez/Desktop/university/node/vidly-app/models/movie.js": {"path":"/Users/tez/Desktop/university/node/vidly-app/models/movie.js","statementMap":{"0":{"start":{"line":1,"column":12},"end":{"line":1,"column":26}},"1":{"start":{"line":2,"column":0},"end":{"line":2,"column":43}},"2":{"start":{"line":3,"column":17},"end":{"line":3,"column":36}},"3":{"start":{"line":4,"column":24},"end":{"line":4,"column":42}},"4":{"start":{"line":7,"column":22},"end":{"line":15,"column":1}},"5":{"start":{"line":8,"column":17},"end":{"line":13,"column":3}},"6":{"start":{"line":14,"column":2},"end":{"line":14,"column":34}},"7":{"start":{"line":17,"column":20},"end":{"line":22,"column":2}},"8":{"start":{"line":24,"column":14},"end":{"line":24,"column":50}},"9":{"start":{"line":26,"column":0},"end":{"line":26,"column":21}},"10":{"start":{"line":27,"column":0},"end":{"line":27,"column":37}},"11":{"start":{"line":28,"column":0},"end":{"line":28,"column":33}}},"fnMap":{"0":{"name":"(anonymous_0)","decl":{"start":{"line":7,"column":22},"end":{"line":7,"column":23}},"loc":{"start":{"line":7,"column":32},"end":{"line":15,"column":1}},"line":7}},"branchMap":{},"s":{"0":3,"1":3,"2":3,"3":3,"4":3,"5":0,"6":0,"7":3,"8":3,"9":3,"10":3,"11":3},"f":{"0":0},"b":{},"_coverageSchema":"1a1c01bbd47fc00a2c39e90264f33305004495a9","hash":"255dcd4f9ee1e1c666a87702aeae08f709b5f2c5"}
,"/Users/tez/Desktop/university/node/vidly-app/models/rental.js": {"path":"/Users/tez/Desktop/university/node/vidly-app/models/rental.js","statementMap":{"0":{"start":{"line":1,"column":17},"end":{"line":1,"column":36}},"1":{"start":{"line":2,"column":15},"end":{"line":2,"column":32}},"2":{"start":{"line":7,"column":21},"end":{"line":59,"column":2}},"3":{"start":{"line":62,"column":0},"end":{"line":67,"column":1}},"4":{"start":{"line":63,"column":2},"end":{"line":66,"column":4}},"5":{"start":{"line":69,"column":0},"end":{"line":73,"column":1}},"6":{"start":{"line":70,"column":2},"end":{"line":70,"column":33}},"7":{"start":{"line":71,"column":21},"end":{"line":71,"column":56}},"8":{"start":{"line":72,"column":2},"end":{"line":72,"column":59}},"9":{"start":{"line":75,"column":15},"end":{"line":75,"column":53}},"10":{"start":{"line":77,"column":23},"end":{"line":84,"column":1}},"11":{"start":{"line":78,"column":17},"end":{"line":81,"column":3}},"12":{"start":{"line":83,"column":2},"end":{"line":83,"column":36}},"13":{"start":{"line":87,"column":0},"end":{"line":87,"column":24}},"14":{"start":{"line":88,"column":0},"end":{"line":88,"column":40}}},"fnMap":{"0":{"name":"(anonymous_0)","decl":{"start":{"line":62,"column":30},"end":{"line":62,"column":31}},"loc":{"start":{"line":62,"column":60},"end":{"line":67,"column":1}},"line":62},"1":{"name":"(anonymous_1)","decl":{"start":{"line":69,"column":30},"end":{"line":69,"column":31}},"loc":{"start":{"line":69,"column":41},"end":{"line":73,"column":1}},"line":69},"2":{"name":"(anonymous_2)","decl":{"start":{"line":77,"column":23},"end":{"line":77,"column":24}},"loc":{"start":{"line":77,"column":33},"end":{"line":84,"column":1}},"line":77}},"branchMap":{},"s":{"0":3,"1":3,"2":3,"3":3,"4":0,"5":3,"6":0,"7":0,"8":0,"9":3,"10":3,"11":0,"12":0,"13":3,"14":3},"f":{"0":0,"1":0,"2":0},"b":{},"_coverageSchema":"1a1c01bbd47fc00a2c39e90264f33305004495a9","hash":"0a87cb2eb5b37db534b4932a9901e3a70a29e4c2"}
,"/Users/tez/Desktop/university/node/vidly-app/models/user.js": {"path":"/Users/tez/Desktop/university/node/vidly-app/models/user.js","statementMap":{"0":{"start":{"line":1,"column":15},"end":{"line":1,"column":32}},"1":{"start":{"line":2,"column":12},"end":{"line":2,"column":35}},"2":{"start":{"line":3,"column":17},"end":{"line":3,"column":36}},"3":{"start":{"line":4,"column":12},"end":{"line":4,"column":26}},"4":{"start":{"line":6,"column":19},"end":{"line":29,"column":2}},"5":{"start":{"line":31,"column":0},"end":{"line":34,"column":1}},"6":{"start":{"line":32,"column":16},"end":{"line":32,"column":92}},"7":{"start":{"line":33,"column":2},"end":{"line":33,"column":14}},"8":{"start":{"line":36,"column":21},"end":{"line":44,"column":1}},"9":{"start":{"line":37,"column":17},"end":{"line":41,"column":3}},"10":{"start":{"line":43,"column":2},"end":{"line":43,"column":35}},"11":{"start":{"line":48,"column":13},"end":{"line":48,"column":47}},"12":{"start":{"line":51,"column":0},"end":{"line":51,"column":20}},"13":{"start":{"line":52,"column":0},"end":{"line":52,"column":36}}},"fnMap":{"0":{"name":"(anonymous_0)","decl":{"start":{"line":31,"column":39},"end":{"line":31,"column":40}},"loc":{"start":{"line":31,"column":50},"end":{"line":34,"column":1}},"line":31},"1":{"name":"(anonymous_1)","decl":{"start":{"line":36,"column":21},"end":{"line":36,"column":22}},"loc":{"start":{"line":36,"column":31},"end":{"line":44,"column":1}},"line":36}},"branchMap":{},"s":{"0":5,"1":5,"2":5,"3":5,"4":5,"5":5,"6":26,"7":26,"8":5,"9":0,"10":0,"11":5,"12":5,"13":5},"f":{"0":26,"1":0},"b":{},"_coverageSchema":"1a1c01bbd47fc00a2c39e90264f33305004495a9","hash":"0c11e453e12ae041ef2a2fab098f0a58237f3722"}
,"/Users/tez/Desktop/university/node/vidly-app/routes/customers.js": {"path":"/Users/tez/Desktop/university/node/vidly-app/routes/customers.js","statementMap":{"0":{"start":{"line":1,"column":39},"end":{"line":1,"column":68}},"1":{"start":{"line":2,"column":16},"end":{"line":2,"column":34}},"2":{"start":{"line":3,"column":15},"end":{"line":3,"column":31}},"3":{"start":{"line":5,"column":0},"end":{"line":8,"column":3}},"4":{"start":{"line":6,"column":20},"end":{"line":6,"column":41}},"5":{"start":{"line":7,"column":2},"end":{"line":7,"column":22}},"6":{"start":{"line":10,"column":0},"end":{"line":22,"column":3}},"7":{"start":{"line":11,"column":20},"end":{"line":11,"column":46}},"8":{"start":{"line":12,"column":2},"end":{"line":12,"column":67}},"9":{"start":{"line":12,"column":13},"end":{"line":12,"column":67}},"10":{"start":{"line":14,"column":19},"end":{"line":18,"column":4}},"11":{"start":{"line":20,"column":2},"end":{"line":20,"column":24}},"12":{"start":{"line":21,"column":2},"end":{"line":21,"column":21}},"13":{"start":{"line":24,"column":0},"end":{"line":28,"column":3}},"14":{"start":{"line":25,"column":19},"end":{"line":25,"column":57}},"15":{"start":{"line":26,"column":2},"end":{"line":26,"column":66}},"16":{"start":{"line":26,"column":17},"end":{"line":26,"column":66}},"17":{"start":{"line":27,"column":2},"end":{"line":27,"column":21}},"18":{"start":{"line":30,"column":0},"end":{"line":47,"column":3}},"19":{"start":{"line":31,"column":20},"end":{"line":31,"column":46}},"20":{"start":{"line":32,"column":2},"end":{"line":32,"column":67}},"21":{"start":{"line":32,"column":13},"end":{"line":32,"column":67}},"22":{"start":{"line":34,"column":19},"end":{"line":42,"column":3}},"23":{"start":{"line":44,"column":2},"end":{"line":44,"column":74}},"24":{"start":{"line":44,"column":17},"end":{"line":44,"column":74}},"25":{"start":{"line":46,"column":2},"end":{"line":46,"column":21}},"26":{"start":{"line":49,"column":0},"end":{"line":53,"column":3}},"27":{"start":{"line":50,"column":19},"end":{"line":50,"column":66}},"28":{"start":{"line":51,"column":2},"end":{"line":51,"column":66}},"29":{"start":{"line":51,"column":17},"end":{"line":51,"column":66}},"30":{"start":{"line":52,"column":2},"end":{"line":52,"column":21}},"31":{"start":{"line":55,"column":0},"end":{"line":55,"column":24}}},"fnMap":{"0":{"name":"(anonymous_0)","decl":{"start":{"line":5,"column":16},"end":{"line":5,"column":17}},"loc":{"start":{"line":5,"column":36},"end":{"line":8,"column":1}},"line":5},"1":{"name":"(anonymous_1)","decl":{"start":{"line":10,"column":17},"end":{"line":10,"column":18}},"loc":{"start":{"line":10,"column":37},"end":{"line":22,"column":1}},"line":10},"2":{"name":"(anonymous_2)","decl":{"start":{"line":24,"column":19},"end":{"line":24,"column":20}},"loc":{"start":{"line":24,"column":39},"end":{"line":28,"column":1}},"line":24},"3":{"name":"(anonymous_3)","decl":{"start":{"line":30,"column":19},"end":{"line":30,"column":20}},"loc":{"start":{"line":30,"column":39},"end":{"line":47,"column":1}},"line":30},"4":{"name":"(anonymous_4)","decl":{"start":{"line":49,"column":22},"end":{"line":49,"column":23}},"loc":{"start":{"line":49,"column":42},"end":{"line":53,"column":1}},"line":49}},"branchMap":{"0":{"loc":{"start":{"line":12,"column":2},"end":{"line":12,"column":67}},"type":"if","locations":[{"start":{"line":12,"column":2},"end":{"line":12,"column":67}},{"start":{"line":12,"column":2},"end":{"line":12,"column":67}}],"line":12},"1":{"loc":{"start":{"line":26,"column":2},"end":{"line":26,"column":66}},"type":"if","locations":[{"start":{"line":26,"column":2},"end":{"line":26,"column":66}},{"start":{"line":26,"column":2},"end":{"line":26,"column":66}}],"line":26},"2":{"loc":{"start":{"line":32,"column":2},"end":{"line":32,"column":67}},"type":"if","locations":[{"start":{"line":32,"column":2},"end":{"line":32,"column":67}},{"start":{"line":32,"column":2},"end":{"line":32,"column":67}}],"line":32},"3":{"loc":{"start":{"line":44,"column":2},"end":{"line":44,"column":74}},"type":"if","locations":[{"start":{"line":44,"column":2},"end":{"line":44,"column":74}},{"start":{"line":44,"column":2},"end":{"line":44,"column":74}}],"line":44},"4":{"loc":{"start":{"line":51,"column":2},"end":{"line":51,"column":66}},"type":"if","locations":[{"start":{"line":51,"column":2},"end":{"line":51,"column":66}},{"start":{"line":51,"column":2},"end":{"line":51,"column":66}}],"line":51}},"s":{"0":3,"1":3,"2":3,"3":3,"4":0,"5":0,"6":3,"7":0,"8":0,"9":0,"10":0,"11":0,"12":0,"13":3,"14":0,"15":0,"16":0,"17":0,"18":3,"19":0,"20":0,"21":0,"22":0,"23":0,"24":0,"25":0,"26":3,"27":0,"28":0,"29":0,"30":0,"31":3},"f":{"0":0,"1":0,"2":0,"3":0,"4":0},"b":{"0":[0,0],"1":[0,0],"2":[0,0],"3":[0,0],"4":[0,0]},"_coverageSchema":"1a1c01bbd47fc00a2c39e90264f33305004495a9","hash":"1ad62e35bc4ca2921a1afea31018d82e083b530b"}
,"/Users/tez/Desktop/university/node/vidly-app/routes/genres.js": {"path":"/Users/tez/Desktop/university/node/vidly-app/routes/genres.js","statementMap":{"0":{"start":{"line":1,"column":13},"end":{"line":1,"column":42}},"1":{"start":{"line":2,"column":14},"end":{"line":2,"column":44}},"2":{"start":{"line":3,"column":25},"end":{"line":3,"column":66}},"3":{"start":{"line":5,"column":33},"end":{"line":5,"column":59}},"4":{"start":{"line":6,"column":16},"end":{"line":6,"column":34}},"5":{"start":{"line":7,"column":15},"end":{"line":7,"column":31}},"6":{"start":{"line":8,"column":17},"end":{"line":8,"column":36}},"7":{"start":{"line":10,"column":0},"end":{"line":13,"column":3}},"8":{"start":{"line":11,"column":19},"end":{"line":11,"column":50}},"9":{"start":{"line":12,"column":4},"end":{"line":12,"column":21}},"10":{"start":{"line":15,"column":0},"end":{"line":19,"column":3}},"11":{"start":{"line":16,"column":16},"end":{"line":16,"column":51}},"12":{"start":{"line":17,"column":2},"end":{"line":17,"column":78}},"13":{"start":{"line":17,"column":14},"end":{"line":17,"column":78}},"14":{"start":{"line":18,"column":2},"end":{"line":18,"column":18}},"15":{"start":{"line":21,"column":0},"end":{"line":29,"column":3}},"16":{"start":{"line":23,"column":20},"end":{"line":23,"column":43}},"17":{"start":{"line":24,"column":2},"end":{"line":24,"column":67}},"18":{"start":{"line":24,"column":13},"end":{"line":24,"column":67}},"19":{"start":{"line":26,"column":16},"end":{"line":26,"column":50}},"20":{"start":{"line":27,"column":2},"end":{"line":27,"column":21}},"21":{"start":{"line":28,"column":2},"end":{"line":28,"column":18}},"22":{"start":{"line":31,"column":0},"end":{"line":42,"column":3}},"23":{"start":{"line":33,"column":20},"end":{"line":33,"column":43}},"24":{"start":{"line":34,"column":2},"end":{"line":34,"column":67}},"25":{"start":{"line":34,"column":13},"end":{"line":34,"column":67}},"26":{"start":{"line":36,"column":16},"end":{"line":38,"column":4}},"27":{"start":{"line":39,"column":2},"end":{"line":39,"column":78}},"28":{"start":{"line":39,"column":14},"end":{"line":39,"column":78}},"29":{"start":{"line":41,"column":2},"end":{"line":41,"column":18}},"30":{"start":{"line":45,"column":0},"end":{"line":53,"column":3}},"31":{"start":{"line":46,"column":16},"end":{"line":46,"column":60}},"32":{"start":{"line":47,"column":2},"end":{"line":47,"column":78}},"33":{"start":{"line":47,"column":14},"end":{"line":47,"column":78}},"34":{"start":{"line":52,"column":2},"end":{"line":52,"column":18}},"35":{"start":{"line":55,"column":0},"end":{"line":55,"column":24}}},"fnMap":{"0":{"name":"(anonymous_0)","decl":{"start":{"line":10,"column":16},"end":{"line":10,"column":17}},"loc":{"start":{"line":10,"column":36},"end":{"line":13,"column":1}},"line":10},"1":{"name":"(anonymous_1)","decl":{"start":{"line":15,"column":37},"end":{"line":15,"column":38}},"loc":{"start":{"line":15,"column":57},"end":{"line":19,"column":1}},"line":15},"2":{"name":"(anonymous_2)","decl":{"start":{"line":21,"column":23},"end":{"line":21,"column":24}},"loc":{"start":{"line":21,"column":43},"end":{"line":29,"column":1}},"line":21},"3":{"name":"(anonymous_3)","decl":{"start":{"line":31,"column":45},"end":{"line":31,"column":46}},"loc":{"start":{"line":31,"column":65},"end":{"line":42,"column":1}},"line":31},"4":{"name":"(anonymous_4)","decl":{"start":{"line":45,"column":55},"end":{"line":45,"column":56}},"loc":{"start":{"line":45,"column":75},"end":{"line":53,"column":1}},"line":45}},"branchMap":{"0":{"loc":{"start":{"line":17,"column":2},"end":{"line":17,"column":78}},"type":"if","locations":[{"start":{"line":17,"column":2},"end":{"line":17,"column":78}},{"start":{"line":17,"column":2},"end":{"line":17,"column":78}}],"line":17},"1":{"loc":{"start":{"line":24,"column":2},"end":{"line":24,"column":67}},"type":"if","locations":[{"start":{"line":24,"column":2},"end":{"line":24,"column":67}},{"start":{"line":24,"column":2},"end":{"line":24,"column":67}}],"line":24},"2":{"loc":{"start":{"line":34,"column":2},"end":{"line":34,"column":67}},"type":"if","locations":[{"start":{"line":34,"column":2},"end":{"line":34,"column":67}},{"start":{"line":34,"column":2},"end":{"line":34,"column":67}}],"line":34},"3":{"loc":{"start":{"line":39,"column":2},"end":{"line":39,"column":78}},"type":"if","locations":[{"start":{"line":39,"column":2},"end":{"line":39,"column":78}},{"start":{"line":39,"column":2},"end":{"line":39,"column":78}}],"line":39},"4":{"loc":{"start":{"line":47,"column":2},"end":{"line":47,"column":78}},"type":"if","locations":[{"start":{"line":47,"column":2},"end":{"line":47,"column":78}},{"start":{"line":47,"column":2},"end":{"line":47,"column":78}}],"line":47}},"s":{"0":3,"1":3,"2":3,"3":3,"4":3,"5":3,"6":3,"7":3,"8":0,"9":0,"10":3,"11":0,"12":0,"13":0,"14":0,"15":3,"16":0,"17":0,"18":0,"19":0,"20":0,"21":0,"22":3,"23":0,"24":0,"25":0,"26":0,"27":0,"28":0,"29":0,"30":3,"31":0,"32":0,"33":0,"34":0,"35":3},"f":{"0":0,"1":0,"2":0,"3":0,"4":0},"b":{"0":[0,0],"1":[0,0],"2":[0,0],"3":[0,0],"4":[0,0]},"_coverageSchema":"1a1c01bbd47fc00a2c39e90264f33305004495a9","hash":"24846d96ec9356708b277d32402c4f51e0826881"}
,"/Users/tez/Desktop/university/node/vidly-app/routes/movies.js": {"path":"/Users/tez/Desktop/university/node/vidly-app/routes/movies.js","statementMap":{"0":{"start":{"line":1,"column":13},"end":{"line":1,"column":42}},"1":{"start":{"line":2,"column":33},"end":{"line":2,"column":59}},"2":{"start":{"line":3,"column":18},"end":{"line":3,"column":44}},"3":{"start":{"line":4,"column":16},"end":{"line":4,"column":34}},"4":{"start":{"line":5,"column":15},"end":{"line":5,"column":31}},"5":{"start":{"line":7,"column":0},"end":{"line":10,"column":3}},"6":{"start":{"line":8,"column":17},"end":{"line":8,"column":35}},"7":{"start":{"line":9,"column":2},"end":{"line":9,"column":19}},"8":{"start":{"line":12,"column":0},"end":{"line":29,"column":3}},"9":{"start":{"line":13,"column":20},"end":{"line":13,"column":43}},"10":{"start":{"line":14,"column":2},"end":{"line":14,"column":64}},"11":{"start":{"line":14,"column":13},"end":{"line":14,"column":64}},"12":{"start":{"line":16,"column":16},"end":{"line":16,"column":54}},"13":{"start":{"line":17,"column":2},"end":{"line":17,"column":59}},"14":{"start":{"line":17,"column":14},"end":{"line":17,"column":59}},"15":{"start":{"line":19,"column":16},"end":{"line":24,"column":4}},"16":{"start":{"line":26,"column":2},"end":{"line":26,"column":21}},"17":{"start":{"line":28,"column":2},"end":{"line":28,"column":18}},"18":{"start":{"line":31,"column":0},"end":{"line":31,"column":24}}},"fnMap":{"0":{"name":"(anonymous_0)","decl":{"start":{"line":7,"column":16},"end":{"line":7,"column":17}},"loc":{"start":{"line":7,"column":36},"end":{"line":10,"column":1}},"line":7},"1":{"name":"(anonymous_1)","decl":{"start":{"line":12,"column":23},"end":{"line":12,"column":24}},"loc":{"start":{"line":12,"column":43},"end":{"line":29,"column":1}},"line":12}},"branchMap":{"0":{"loc":{"start":{"line":14,"column":2},"end":{"line":14,"column":64}},"type":"if","locations":[{"start":{"line":14,"column":2},"end":{"line":14,"column":64}},{"start":{"line":14,"column":2},"end":{"line":14,"column":64}}],"line":14},"1":{"loc":{"start":{"line":17,"column":2},"end":{"line":17,"column":59}},"type":"if","locations":[{"start":{"line":17,"column":2},"end":{"line":17,"column":59}},{"start":{"line":17,"column":2},"end":{"line":17,"column":59}}],"line":17}},"s":{"0":3,"1":3,"2":3,"3":3,"4":3,"5":3,"6":0,"7":0,"8":3,"9":0,"10":0,"11":0,"12":0,"13":0,"14":0,"15":0,"16":0,"17":0,"18":3},"f":{"0":0,"1":0},"b":{"0":[0,0],"1":[0,0]},"_coverageSchema":"1a1c01bbd47fc00a2c39e90264f33305004495a9","hash":"e940257395aeeea95db601a37b5df15131dfc2e0"}
,"/Users/tez/Desktop/university/node/vidly-app/routes/rentals.js": {"path":"/Users/tez/Desktop/university/node/vidly-app/routes/rentals.js","statementMap":{"0":{"start":{"line":1,"column":13},"end":{"line":1,"column":42}},"1":{"start":{"line":2,"column":35},"end":{"line":2,"column":62}},"2":{"start":{"line":3,"column":18},"end":{"line":3,"column":44}},"3":{"start":{"line":4,"column":21},"end":{"line":4,"column":50}},"4":{"start":{"line":5,"column":17},"end":{"line":5,"column":36}},"5":{"start":{"line":6,"column":13},"end":{"line":6,"column":28}},"6":{"start":{"line":8,"column":16},"end":{"line":8,"column":34}},"7":{"start":{"line":9,"column":15},"end":{"line":9,"column":31}},"8":{"start":{"line":11,"column":0},"end":{"line":11,"column":19}},"9":{"start":{"line":13,"column":0},"end":{"line":16,"column":2}},"10":{"start":{"line":14,"column":19},"end":{"line":14,"column":38}},"11":{"start":{"line":15,"column":3},"end":{"line":15,"column":20}},"12":{"start":{"line":18,"column":0},"end":{"line":61,"column":2}},"13":{"start":{"line":19,"column":20},"end":{"line":19,"column":44}},"14":{"start":{"line":20,"column":2},"end":{"line":20,"column":66}},"15":{"start":{"line":20,"column":13},"end":{"line":20,"column":66}},"16":{"start":{"line":22,"column":16},"end":{"line":22,"column":54}},"17":{"start":{"line":23,"column":2},"end":{"line":23,"column":67}},"18":{"start":{"line":23,"column":14},"end":{"line":23,"column":67}},"19":{"start":{"line":25,"column":2},"end":{"line":25,"column":86}},"20":{"start":{"line":25,"column":33},"end":{"line":25,"column":86}},"21":{"start":{"line":27,"column":19},"end":{"line":27,"column":63}},"22":{"start":{"line":28,"column":2},"end":{"line":28,"column":70}},"23":{"start":{"line":28,"column":17},"end":{"line":28,"column":70}},"24":{"start":{"line":30,"column":15},"end":{"line":41,"column":4}},"25":{"start":{"line":47,"column":2},"end":{"line":60,"column":3}},"26":{"start":{"line":48,"column":4},"end":{"line":54,"column":13}},"27":{"start":{"line":56,"column":4},"end":{"line":56,"column":20}},"28":{"start":{"line":59,"column":4},"end":{"line":59,"column":45}},"29":{"start":{"line":63,"column":0},"end":{"line":63,"column":24}}},"fnMap":{"0":{"name":"(anonymous_0)","decl":{"start":{"line":13,"column":16},"end":{"line":13,"column":17}},"loc":{"start":{"line":13,"column":36},"end":{"line":16,"column":1}},"line":13},"1":{"name":"(anonymous_1)","decl":{"start":{"line":18,"column":23},"end":{"line":18,"column":24}},"loc":{"start":{"line":18,"column":43},"end":{"line":61,"column":1}},"line":18}},"branchMap":{"0":{"loc":{"start":{"line":20,"column":2},"end":{"line":20,"column":66}},"type":"if","locations":[{"start":{"line":20,"column":2},"end":{"line":20,"column":66}},{"start":{"line":20,"column":2},"end":{"line":20,"column":66}}],"line":20},"1":{"loc":{"start":{"line":23,"column":2},"end":{"line":23,"column":67}},"type":"if","locations":[{"start":{"line":23,"column":2},"end":{"line":23,"column":67}},{"start":{"line":23,"column":2},"end":{"line":23,"column":67}}],"line":23},"2":{"loc":{"start":{"line":25,"column":2},"end":{"line":25,"column":86}},"type":"if","locations":[{"start":{"line":25,"column":2},"end":{"line":25,"column":86}},{"start":{"line":25,"column":2},"end":{"line":25,"column":86}}],"line":25},"3":{"loc":{"start":{"line":28,"column":2},"end":{"line":28,"column":70}},"type":"if","locations":[{"start":{"line":28,"column":2},"end":{"line":28,"column":70}},{"start":{"line":28,"column":2},"end":{"line":28,"column":70}}],"line":28}},"s":{"0":3,"1":3,"2":3,"3":3,"4":3,"5":3,"6":3,"7":3,"8":3,"9":3,"10":0,"11":0,"12":3,"13":0,"14":0,"15":0,"16":0,"17":0,"18":0,"19":0,"20":0,"21":0,"22":0,"23":0,"24":0,"25":0,"26":0,"27":0,"28":0,"29":3},"f":{"0":0,"1":0},"b":{"0":[0,0],"1":[0,0],"2":[0,0],"3":[0,0]},"_coverageSchema":"1a1c01bbd47fc00a2c39e90264f33305004495a9","hash":"186825866168f0d7c92fb77b5742aa7b507c5f58"}
,"/Users/tez/Desktop/university/node/vidly-app/routes/returns.js": {"path":"/Users/tez/Desktop/university/node/vidly-app/routes/returns.js","statementMap":{"0":{"start":{"line":1,"column":13},"end":{"line":1,"column":42}},"1":{"start":{"line":2,"column":17},"end":{"line":2,"column":50}},"2":{"start":{"line":3,"column":19},"end":{"line":3,"column":46}},"3":{"start":{"line":4,"column":18},"end":{"line":4,"column":44}},"4":{"start":{"line":5,"column":12},"end":{"line":5,"column":26}},"5":{"start":{"line":7,"column":16},"end":{"line":7,"column":34}},"6":{"start":{"line":8,"column":15},"end":{"line":8,"column":31}},"7":{"start":{"line":9,"column":17},"end":{"line":9,"column":36}},"8":{"start":{"line":12,"column":0},"end":{"line":28,"column":2}},"9":{"start":{"line":13,"column":17},"end":{"line":13,"column":75}},"10":{"start":{"line":15,"column":2},"end":{"line":15,"column":63}},"11":{"start":{"line":15,"column":15},"end":{"line":15,"column":63}},"12":{"start":{"line":17,"column":2},"end":{"line":17,"column":75}},"13":{"start":{"line":17,"column":27},"end":{"line":17,"column":75}},"14":{"start":{"line":19,"column":2},"end":{"line":19,"column":17}},"15":{"start":{"line":20,"column":2},"end":{"line":20,"column":22}},"16":{"start":{"line":22,"column":2},"end":{"line":24,"column":4}},"17":{"start":{"line":26,"column":2},"end":{"line":26,"column":37}},"18":{"start":{"line":30,"column":23},"end":{"line":37,"column":1}},"19":{"start":{"line":31,"column":17},"end":{"line":34,"column":3}},"20":{"start":{"line":36,"column":2},"end":{"line":36,"column":35}},"21":{"start":{"line":39,"column":0},"end":{"line":39,"column":24}}},"fnMap":{"0":{"name":"(anonymous_0)","decl":{"start":{"line":12,"column":51},"end":{"line":12,"column":52}},"loc":{"start":{"line":12,"column":71},"end":{"line":28,"column":1}},"line":12},"1":{"name":"(anonymous_1)","decl":{"start":{"line":30,"column":23},"end":{"line":30,"column":24}},"loc":{"start":{"line":30,"column":32},"end":{"line":37,"column":1}},"line":30}},"branchMap":{"0":{"loc":{"start":{"line":15,"column":2},"end":{"line":15,"column":63}},"type":"if","locations":[{"start":{"line":15,"column":2},"end":{"line":15,"column":63}},{"start":{"line":15,"column":2},"end":{"line":15,"column":63}}],"line":15},"1":{"loc":{"start":{"line":17,"column":2},"end":{"line":17,"column":75}},"type":"if","locations":[{"start":{"line":17,"column":2},"end":{"line":17,"column":75}},{"start":{"line":17,"column":2},"end":{"line":17,"column":75}}],"line":17}},"s":{"0":3,"1":3,"2":3,"3":3,"4":3,"5":3,"6":3,"7":3,"8":3,"9":0,"10":0,"11":0,"12":0,"13":0,"14":0,"15":0,"16":0,"17":0,"18":0,"19":0,"20":0,"21":0},"f":{"0":0,"1":0},"b":{"0":[0,0],"1":[0,0]},"_coverageSchema":"1a1c01bbd47fc00a2c39e90264f33305004495a9","hash":"3af6295c020f5460cdc59cd09e4827fd11926df1"}
,"/Users/tez/Desktop/university/node/vidly-app/startup/logging.js": {"path":"/Users/tez/Desktop/university/node/vidly-app/startup/logging.js","statementMap":{"0":{"start":{"line":1,"column":16},"end":{"line":1,"column":34}},"1":{"start":{"line":2,"column":0},"end":{"line":2,"column":27}},"2":{"start":{"line":3,"column":0},"end":{"line":3,"column":32}},"3":{"start":{"line":5,"column":15},"end":{"line":13,"column":2}},"4":{"start":{"line":15,"column":0},"end":{"line":23,"column":1}},"5":{"start":{"line":16,"column":2},"end":{"line":18,"column":4}},"6":{"start":{"line":20,"column":2},"end":{"line":22,"column":5}},"7":{"start":{"line":21,"column":4},"end":{"line":21,"column":13}}},"fnMap":{"0":{"name":"(anonymous_0)","decl":{"start":{"line":15,"column":17},"end":{"line":15,"column":18}},"loc":{"start":{"line":15,"column":28},"end":{"line":23,"column":1}},"line":15},"1":{"name":"(anonymous_1)","decl":{"start":{"line":20,"column":35},"end":{"line":20,"column":36}},"loc":{"start":{"line":20,"column":43},"end":{"line":22,"column":3}},"line":20}},"branchMap":{},"s":{"0":3,"1":3,"2":3,"3":3,"4":3,"5":3,"6":3,"7":0},"f":{"0":3,"1":0},"b":{},"_coverageSchema":"1a1c01bbd47fc00a2c39e90264f33305004495a9","hash":"e1b40af4d2ae88cc519d7f5609bbf341e20b1bbc"}
,"/Users/tez/Desktop/university/node/vidly-app/startup/routes.js": {"path":"/Users/tez/Desktop/university/node/vidly-app/startup/routes.js","statementMap":{"0":{"start":{"line":1,"column":16},"end":{"line":1,"column":34}},"1":{"start":{"line":3,"column":15},"end":{"line":3,"column":42}},"2":{"start":{"line":4,"column":15},"end":{"line":4,"column":42}},"3":{"start":{"line":5,"column":18},"end":{"line":5,"column":48}},"4":{"start":{"line":6,"column":16},"end":{"line":6,"column":44}},"5":{"start":{"line":7,"column":16},"end":{"line":7,"column":44}},"6":{"start":{"line":8,"column":14},"end":{"line":8,"column":40}},"7":{"start":{"line":9,"column":13},"end":{"line":9,"column":38}},"8":{"start":{"line":11,"column":14},"end":{"line":11,"column":44}},"9":{"start":{"line":13,"column":0},"end":{"line":23,"column":1}},"10":{"start":{"line":14,"column":2},"end":{"line":14,"column":26}},"11":{"start":{"line":15,"column":2},"end":{"line":15,"column":39}},"12":{"start":{"line":16,"column":2},"end":{"line":16,"column":45}},"13":{"start":{"line":17,"column":2},"end":{"line":17,"column":39}},"14":{"start":{"line":18,"column":2},"end":{"line":18,"column":41}},"15":{"start":{"line":19,"column":2},"end":{"line":19,"column":41}},"16":{"start":{"line":20,"column":2},"end":{"line":20,"column":37}},"17":{"start":{"line":21,"column":2},"end":{"line":21,"column":35}},"18":{"start":{"line":22,"column":2},"end":{"line":22,"column":17}}},"fnMap":{"0":{"name":"(anonymous_0)","decl":{"start":{"line":13,"column":17},"end":{"line":13,"column":18}},"loc":{"start":{"line":13,"column":31},"end":{"line":23,"column":1}},"line":13}},"branchMap":{},"s":{"0":3,"1":3,"2":3,"3":3,"4":3,"5":3,"6":0,"7":0,"8":0,"9":0,"10":0,"11":0,"12":0,"13":0,"14":0,"15":0,"16":0,"17":0,"18":0},"f":{"0":0},"b":{},"_coverageSchema":"1a1c01bbd47fc00a2c39e90264f33305004495a9","hash":"4e4f241b84540c3f2fe246d0606c42b4b6ad2ab5"}
}
