TN:
SF:app.js
FN:22,(anonymous_0)
FNF:1
FNH:0
FNDA:0,(anonymous_0)
DA:1,3
DA:2,3
DA:10,3
DA:11,3
DA:13,3
DA:15,3
DA:16,0
DA:17,0
DA:18,0
DA:20,0
DA:22,0
DA:23,0
DA:26,0
LF:13
LH:6
BRDA:20,0,0,0
BRDA:20,0,1,0
BRF:2
BRH:0
end_of_record
TN:
SF:middleware/admin.js
FN:1,(anonymous_0)
FNF:1
FNH:0
FNDA:0,(anonymous_0)
DA:1,3
DA:2,0
DA:3,0
DA:6,3
LF:4
LH:2
BRDA:2,0,0,0
BRDA:2,0,1,0
BRF:2
BRH:0
end_of_record
TN:
SF:middleware/auth.js
FN:4,(anonymous_0)
FNF:1
FNH:1
FNDA:1,(anonymous_0)
DA:1,4
DA:2,4
DA:4,4
DA:5,1
DA:6,1
DA:8,1
DA:9,1
DA:10,1
DA:11,1
DA:14,0
DA:19,4
LF:11
LH:10
BRDA:6,0,0,0
BRDA:6,0,1,1
BRF:2
BRH:1
end_of_record
TN:
SF:middleware/validate.js
FN:1,(anonymous_0)
FN:2,(anonymous_1)
FNF:2
FNH:0
FNDA:0,(anonymous_0)
FNDA:0,(anonymous_1)
DA:1,3
DA:2,0
DA:3,0
DA:4,0
DA:5,0
LF:5
LH:1
BRDA:4,0,0,0
BRDA:4,0,1,0
BRF:2
BRH:0
end_of_record
TN:
SF:middleware/validateObjectId.js
FN:3,(anonymous_0)
FNF:1
FNH:0
FNDA:0,(anonymous_0)
DA:1,3
DA:3,3
DA:4,0
DA:5,0
DA:7,0
LF:5
LH:2
BRDA:4,0,0,0
BRDA:4,0,1,0
BRF:2
BRH:0
end_of_record
TN:
SF:models/customer.js
FN:10,(anonymous_0)
FNF:1
FNH:0
FNDA:0,(anonymous_0)
DA:1,3
DA:2,3
DA:4,3
DA:10,3
DA:11,0
DA:18,0
DA:21,3
DA:23,3
DA:24,3
LF:9
LH:7
BRF:0
BRH:0
end_of_record
TN:
SF:models/genre.js
FN:10,(anonymous_0)
FNF:1
FNH:0
FNDA:0,(anonymous_0)
DA:1,3
DA:2,3
DA:4,3
DA:8,3
DA:10,3
DA:11,0
DA:18,0
DA:21,3
DA:22,3
DA:23,3
LF:10
LH:8
BRF:0
BRH:0
end_of_record
TN:
SF:models/movie.js
FN:7,(anonymous_0)
FNF:1
FNH:0
FNDA:0,(anonymous_0)
DA:1,3
DA:2,3
DA:3,3
DA:4,3
DA:7,3
DA:8,0
DA:14,0
DA:17,3
DA:24,3
DA:26,3
DA:27,3
DA:28,3
LF:12
LH:10
BRF:0
BRH:0
end_of_record
TN:
SF:models/rental.js
FN:62,(anonymous_0)
FN:69,(anonymous_1)
FN:77,(anonymous_2)
FNF:3
FNH:0
FNDA:0,(anonymous_0)
FNDA:0,(anonymous_1)
FNDA:0,(anonymous_2)
DA:1,3
DA:2,3
DA:7,3
DA:62,3
DA:63,0
DA:69,3
DA:70,0
DA:71,0
DA:72,0
DA:75,3
DA:77,3
DA:78,0
DA:83,0
DA:87,3
DA:88,3
LF:15
LH:9
BRF:0
BRH:0
end_of_record
TN:
SF:models/user.js
FN:31,(anonymous_0)
FN:36,(anonymous_1)
FNF:2
FNH:1
FNDA:26,(anonymous_0)
FNDA:0,(anonymous_1)
DA:1,5
DA:2,5
DA:3,5
DA:4,5
DA:6,5
DA:31,5
DA:32,26
DA:33,26
DA:36,5
DA:37,0
DA:43,0
DA:48,5
DA:51,5
DA:52,5
LF:14
LH:12
BRF:0
BRH:0
end_of_record
TN:
SF:routes/customers.js
FN:5,(anonymous_0)
FN:10,(anonymous_1)
FN:24,(anonymous_2)
FN:30,(anonymous_3)
FN:49,(anonymous_4)
FNF:5
FNH:0
FNDA:0,(anonymous_0)
FNDA:0,(anonymous_1)
FNDA:0,(anonymous_2)
FNDA:0,(anonymous_3)
FNDA:0,(anonymous_4)
DA:1,3
DA:2,3
DA:3,3
DA:5,3
DA:6,0
DA:7,0
DA:10,3
DA:11,0
DA:12,0
DA:14,0
DA:20,0
DA:21,0
DA:24,3
DA:25,0
DA:26,0
DA:27,0
DA:30,3
DA:31,0
DA:32,0
DA:34,0
DA:44,0
DA:46,0
DA:49,3
DA:50,0
DA:51,0
DA:52,0
DA:55,3
LF:27
LH:9
BRDA:12,0,0,0
BRDA:12,0,1,0
BRDA:26,1,0,0
BRDA:26,1,1,0
BRDA:32,2,0,0
BRDA:32,2,1,0
BRDA:44,3,0,0
BRDA:44,3,1,0
BRDA:51,4,0,0
BRDA:51,4,1,0
BRF:10
BRH:0
end_of_record
TN:
SF:routes/genres.js
FN:10,(anonymous_0)
FN:15,(anonymous_1)
FN:21,(anonymous_2)
FN:31,(anonymous_3)
FN:45,(anonymous_4)
FNF:5
FNH:0
FNDA:0,(anonymous_0)
FNDA:0,(anonymous_1)
FNDA:0,(anonymous_2)
FNDA:0,(anonymous_3)
FNDA:0,(anonymous_4)
DA:1,3
DA:2,3
DA:3,3
DA:5,3
DA:6,3
DA:7,3
DA:8,3
DA:10,3
DA:11,0
DA:12,0
DA:15,3
DA:16,0
DA:17,0
DA:18,0
DA:21,3
DA:23,0
DA:24,0
DA:26,0
DA:27,0
DA:28,0
DA:31,3
DA:33,0
DA:34,0
DA:36,0
DA:39,0
DA:41,0
DA:45,3
DA:46,0
DA:47,0
DA:52,0
DA:55,3
LF:31
LH:13
BRDA:17,0,0,0
BRDA:17,0,1,0
BRDA:24,1,0,0
BRDA:24,1,1,0
BRDA:34,2,0,0
BRDA:34,2,1,0
BRDA:39,3,0,0
BRDA:39,3,1,0
BRDA:47,4,0,0
BRDA:47,4,1,0
BRF:10
BRH:0
end_of_record
TN:
SF:routes/movies.js
FN:7,(anonymous_0)
FN:12,(anonymous_1)
FNF:2
FNH:0
FNDA:0,(anonymous_0)
FNDA:0,(anonymous_1)
DA:1,3
DA:2,3
DA:3,3
DA:4,3
DA:5,3
DA:7,3
DA:8,0
DA:9,0
DA:12,3
DA:13,0
DA:14,0
DA:16,0
DA:17,0
DA:19,0
DA:26,0
DA:28,0
DA:31,3
LF:17
LH:8
BRDA:14,0,0,0
BRDA:14,0,1,0
BRDA:17,1,0,0
BRDA:17,1,1,0
BRF:4
BRH:0
end_of_record
TN:
SF:routes/rentals.js
FN:13,(anonymous_0)
FN:18,(anonymous_1)
FNF:2
FNH:0
FNDA:0,(anonymous_0)
FNDA:0,(anonymous_1)
DA:1,3
DA:2,3
DA:3,3
DA:4,3
DA:5,3
DA:6,3
DA:8,3
DA:9,3
DA:11,3
DA:13,3
DA:14,0
DA:15,0
DA:18,3
DA:19,0
DA:20,0
DA:22,0
DA:23,0
DA:25,0
DA:27,0
DA:28,0
DA:30,0
DA:47,0
DA:48,0
DA:56,0
DA:59,0
DA:63,3
LF:26
LH:12
BRDA:20,0,0,0
BRDA:20,0,1,0
BRDA:23,1,0,0
BRDA:23,1,1,0
BRDA:25,2,0,0
BRDA:25,2,1,0
BRDA:28,3,0,0
BRDA:28,3,1,0
BRF:8
BRH:0
end_of_record
TN:
SF:routes/returns.js
FN:12,(anonymous_0)
FN:30,(anonymous_1)
FNF:2
FNH:0
FNDA:0,(anonymous_0)
FNDA:0,(anonymous_1)
DA:1,3
DA:2,3
DA:3,3
DA:4,3
DA:5,3
DA:7,3
DA:8,3
DA:9,3
DA:12,3
DA:13,0
DA:15,0
DA:17,0
DA:19,0
DA:20,0
DA:22,0
DA:26,0
DA:30,0
DA:31,0
DA:36,0
DA:39,0
LF:20
LH:9
BRDA:15,0,0,0
BRDA:15,0,1,0
BRDA:17,1,0,0
BRDA:17,1,1,0
BRF:4
BRH:0
end_of_record
TN:
SF:startup/logging.js
FN:15,(anonymous_0)
FN:20,(anonymous_1)
FNF:2
FNH:1
FNDA:3,(anonymous_0)
FNDA:0,(anonymous_1)
DA:1,3
DA:2,3
DA:3,3
DA:5,3
DA:15,3
DA:16,3
DA:20,3
DA:21,0
LF:8
LH:7
BRF:0
BRH:0
end_of_record
TN:
SF:startup/routes.js
FN:13,(anonymous_0)
FNF:1
FNH:0
FNDA:0,(anonymous_0)
DA:1,3
DA:3,3
DA:4,3
DA:5,3
DA:6,3
DA:7,3
DA:8,0
DA:9,0
DA:11,0
DA:13,0
DA:14,0
DA:15,0
DA:16,0
DA:17,0
DA:18,0
DA:19,0
DA:20,0
DA:21,0
DA:22,0
LF:19
LH:6
BRF:0
BRH:0
end_of_record
