TN:
SF:app.js
FN:22,(anonymous_0)
FNF:1
FNH:1
FNDA:2,(anonymous_0)
DA:1,2
DA:2,2
DA:10,2
DA:11,2
DA:13,2
DA:15,2
DA:16,2
DA:17,2
DA:18,2
DA:20,2
DA:22,2
DA:23,2
DA:26,2
LF:13
LH:13
BRDA:20,0,0,2
BRDA:20,0,1,2
BRF:2
BRH:2
end_of_record
TN:
SF:middleware/admin.js
FN:1,(anonymous_0)
FNF:1
FNH:1
FNDA:5,(anonymous_0)
DA:1,2
DA:2,5
DA:3,4
DA:6,2
LF:4
LH:4
BRDA:2,0,0,1
BRDA:2,0,1,4
BRF:2
BRH:2
end_of_record
TN:
SF:middleware/auth.js
FN:4,(anonymous_0)
FNF:1
FNH:1
FNDA:21,(anonymous_0)
DA:1,3
DA:2,3
DA:4,3
DA:5,21
DA:6,21
DA:8,18
DA:9,18
DA:10,17
DA:11,17
DA:14,1
DA:19,3
LF:11
LH:11
BRDA:6,0,0,3
BRDA:6,0,1,18
BRF:2
BRH:2
end_of_record
TN:
SF:middleware/error.js
FN:13,(anonymous_0)
FNF:1
FNH:0
FNDA:0,(anonymous_0)
DA:1,2
DA:3,2
DA:13,2
DA:14,0
DA:16,0
LF:5
LH:3
BRF:0
BRH:0
end_of_record
TN:
SF:middleware/validateObjectId.js
FN:3,(anonymous_0)
FNF:1
FNH:1
FNDA:12,(anonymous_0)
DA:1,2
DA:3,2
DA:4,12
DA:5,3
DA:7,9
LF:5
LH:5
BRDA:4,0,0,3
BRDA:4,0,1,9
BRF:2
BRH:2
end_of_record
TN:
SF:models/customer.js
FN:10,(anonymous_0)
FNF:1
FNH:0
FNDA:0,(anonymous_0)
DA:1,2
DA:2,2
DA:4,2
DA:10,2
DA:11,0
DA:18,0
DA:21,2
DA:23,2
DA:24,2
LF:9
LH:7
BRF:0
BRH:0
end_of_record
TN:
SF:models/genre.js
FN:10,(anonymous_0)
FNF:1
FNH:1
FNDA:10,(anonymous_0)
DA:1,2
DA:2,2
DA:4,2
DA:8,2
DA:10,2
DA:11,10
DA:18,10
DA:21,2
DA:22,2
DA:23,2
LF:10
LH:10
BRF:0
BRH:0
end_of_record
TN:
SF:models/movie.js
FN:7,(anonymous_0)
FNF:1
FNH:0
FNDA:0,(anonymous_0)
DA:1,2
DA:2,2
DA:3,2
DA:4,2
DA:7,2
DA:8,0
DA:14,0
DA:17,2
DA:24,2
DA:26,2
DA:27,2
DA:28,2
LF:12
LH:10
BRF:0
BRH:0
end_of_record
TN:
SF:models/rental.js
FN:59,(anonymous_0)
FNF:1
FNH:0
FNDA:0,(anonymous_0)
DA:1,2
DA:5,2
DA:59,2
DA:60,0
DA:65,0
DA:68,2
DA:69,2
LF:7
LH:5
BRF:0
BRH:0
end_of_record
TN:
SF:models/user.js
FN:31,(anonymous_0)
FN:36,(anonymous_1)
FNF:2
FNH:1
FNDA:23,(anonymous_0)
FNDA:0,(anonymous_1)
DA:1,4
DA:2,4
DA:3,4
DA:4,4
DA:6,4
DA:31,4
DA:32,23
DA:33,23
DA:36,4
DA:37,0
DA:43,0
DA:48,4
DA:51,4
DA:52,4
LF:14
LH:12
BRF:0
BRH:0
end_of_record
TN:
SF:routes/auth.js
FN:10,(anonymous_0)
FN:25,(anonymous_1)
FNF:2
FNH:0
FNDA:0,(anonymous_0)
FNDA:0,(anonymous_1)
DA:1,2
DA:2,2
DA:3,2
DA:4,2
DA:5,2
DA:6,2
DA:7,2
DA:10,2
DA:11,0
DA:12,0
DA:15,0
DA:16,0
DA:18,0
DA:19,0
DA:21,0
DA:22,0
DA:25,2
DA:26,0
DA:38,0
DA:41,2
LF:20
LH:10
BRDA:12,0,0,0
BRDA:12,0,1,0
BRDA:16,1,0,0
BRDA:16,1,1,0
BRDA:19,2,0,0
BRDA:19,2,1,0
BRF:6
BRH:0
end_of_record
TN:
SF:routes/customers.js
FN:5,(anonymous_0)
FN:10,(anonymous_1)
FN:24,(anonymous_2)
FN:30,(anonymous_3)
FN:49,(anonymous_4)
FNF:5
FNH:0
FNDA:0,(anonymous_0)
FNDA:0,(anonymous_1)
FNDA:0,(anonymous_2)
FNDA:0,(anonymous_3)
FNDA:0,(anonymous_4)
DA:1,2
DA:2,2
DA:3,2
DA:5,2
DA:6,0
DA:7,0
DA:10,2
DA:11,0
DA:12,0
DA:14,0
DA:20,0
DA:21,0
DA:24,2
DA:25,0
DA:26,0
DA:27,0
DA:30,2
DA:31,0
DA:32,0
DA:34,0
DA:44,0
DA:46,0
DA:49,2
DA:50,0
DA:51,0
DA:52,0
DA:55,2
LF:27
LH:9
BRDA:12,0,0,0
BRDA:12,0,1,0
BRDA:26,1,0,0
BRDA:26,1,1,0
BRDA:32,2,0,0
BRDA:32,2,1,0
BRDA:44,3,0,0
BRDA:44,3,1,0
BRDA:51,4,0,0
BRDA:51,4,1,0
BRF:10
BRH:0
end_of_record
TN:
SF:routes/genres.js
FN:10,(anonymous_0)
FN:15,(anonymous_1)
FN:21,(anonymous_2)
FN:31,(anonymous_3)
FN:45,(anonymous_4)
FNF:5
FNH:5
FNDA:1,(anonymous_0)
FNDA:1,(anonymous_1)
FNDA:5,(anonymous_2)
FNDA:5,(anonymous_3)
FNDA:3,(anonymous_4)
DA:1,2
DA:2,2
DA:3,2
DA:5,2
DA:6,2
DA:7,2
DA:8,2
DA:10,2
DA:11,1
DA:12,1
DA:15,2
DA:16,1
DA:17,1
DA:18,1
DA:21,2
DA:23,5
DA:24,5
DA:26,3
DA:27,3
DA:28,3
DA:31,2
DA:33,5
DA:34,5
DA:36,3
DA:39,3
DA:41,2
DA:45,2
DA:46,3
DA:47,3
DA:52,2
DA:55,2
LF:31
LH:31
BRDA:17,0,0,0
BRDA:17,0,1,1
BRDA:24,1,0,2
BRDA:24,1,1,3
BRDA:34,2,0,2
BRDA:34,2,1,3
BRDA:39,3,0,1
BRDA:39,3,1,2
BRDA:47,4,0,1
BRDA:47,4,1,2
BRF:10
BRH:9
end_of_record
TN:
SF:routes/movies.js
FN:7,(anonymous_0)
FN:12,(anonymous_1)
FNF:2
FNH:0
FNDA:0,(anonymous_0)
FNDA:0,(anonymous_1)
DA:1,2
DA:2,2
DA:3,2
DA:4,2
DA:5,2
DA:7,2
DA:8,0
DA:9,0
DA:12,2
DA:13,0
DA:14,0
DA:16,0
DA:17,0
DA:20,0
DA:27,0
DA:29,0
DA:32,2
LF:17
LH:8
BRDA:14,0,0,0
BRDA:14,0,1,0
BRDA:17,1,0,0
BRDA:17,1,1,0
BRF:4
BRH:0
end_of_record
TN:
SF:routes/rentals.js
FN:13,(anonymous_0)
FN:18,(anonymous_1)
FNF:2
FNH:0
FNDA:0,(anonymous_0)
FNDA:0,(anonymous_1)
DA:1,2
DA:2,2
DA:3,2
DA:4,2
DA:5,2
DA:6,2
DA:8,2
DA:9,2
DA:11,2
DA:13,2
DA:14,0
DA:15,0
DA:18,2
DA:19,0
DA:20,0
DA:22,0
DA:23,0
DA:25,0
DA:27,0
DA:28,0
DA:30,0
DA:47,0
DA:48,0
DA:56,0
DA:59,0
DA:63,2
LF:26
LH:12
BRDA:20,0,0,0
BRDA:20,0,1,0
BRDA:23,1,0,0
BRDA:23,1,1,0
BRDA:25,2,0,0
BRDA:25,2,1,0
BRDA:28,3,0,0
BRDA:28,3,1,0
BRF:8
BRH:0
end_of_record
TN:
SF:routes/users.js
FN:10,(anonymous_0)
FN:16,(anonymous_1)
FNF:2
FNH:0
FNDA:0,(anonymous_0)
FNDA:0,(anonymous_1)
DA:1,2
DA:2,2
DA:3,2
DA:4,2
DA:5,2
DA:6,2
DA:7,2
DA:10,2
DA:11,0
DA:12,0
DA:16,2
DA:17,0
DA:18,0
DA:21,0
DA:22,0
DA:25,0
DA:28,0
DA:29,0
DA:31,0
DA:32,0
DA:35,0
DA:38,2
LF:22
LH:10
BRDA:18,0,0,0
BRDA:18,0,1,0
BRDA:22,1,0,0
BRDA:22,1,1,0
BRF:4
BRH:0
end_of_record
TN:
SF:startup/config.js
FN:3,(anonymous_0)
FNF:1
FNH:1
FNDA:2,(anonymous_0)
DA:1,2
DA:3,2
DA:4,2
DA:5,0
LF:4
LH:3
BRDA:4,0,0,0
BRDA:4,0,1,2
BRF:2
BRH:1
end_of_record
TN:
SF:startup/db.js
FN:12,(anonymous_0)
FN:21,(anonymous_1)
FNF:2
FNH:2
FNDA:2,(anonymous_0)
FNDA:2,(anonymous_1)
DA:1,2
DA:2,2
DA:3,2
DA:9,2
DA:12,2
DA:13,2
DA:14,2
DA:22,2
LF:8
LH:8
BRF:0
BRH:0
end_of_record
TN:
SF:startup/logging.js
FN:15,(anonymous_0)
FN:20,(anonymous_1)
FNF:2
FNH:1
FNDA:2,(anonymous_0)
FNDA:0,(anonymous_1)
DA:1,2
DA:2,2
DA:3,2
DA:5,2
DA:15,2
DA:16,2
DA:20,2
DA:21,0
LF:8
LH:7
BRF:0
BRH:0
end_of_record
TN:
SF:startup/routes.js
FN:12,(anonymous_0)
FNF:1
FNH:1
FNDA:2,(anonymous_0)
DA:1,2
DA:3,2
DA:4,2
DA:5,2
DA:6,2
DA:7,2
DA:8,2
DA:10,2
DA:12,2
DA:13,2
DA:14,2
DA:15,2
DA:16,2
DA:17,2
DA:18,2
DA:19,2
DA:20,2
LF:17
LH:17
BRF:0
BRH:0
end_of_record
TN:
SF:startup/validation.js
FN:3,(anonymous_0)
FNF:1
FNH:1
FNDA:2,(anonymous_0)
DA:1,2
DA:3,2
DA:4,2
LF:3
LH:3
BRF:0
BRH:0
end_of_record
